"../../../../../../Users/julia/OneDrive/Desktop/GitHub/Codename-PDG/WCPGW/Content/amoung_us_character.uasset" 0
"../../../../../../Users/julia/OneDrive/Desktop/GitHub/Codename-PDG/WCPGW/Content/amoung_us_character_Mat.uasset" 1
"../../../Engine/Content/EngineMeshes/Humanoid.uasset" 2
"../../../../../../Users/julia/OneDrive/Desktop/GitHub/Codename-PDG/WCPGW/Content/AICitizens/Character/Mesh/Mannequin_Skeleton.uasset" 3
"../../../../../../Users/julia/OneDrive/Desktop/GitHub/Codename-PDG/WCPGW/Content/AICitizens/Character/Animations/AS_Idle_01.uasset" 4
"../../../Engine/Content/Animation/DefaultAnimBoneCompressionSettings.uasset" 5
"../../../../../../Users/julia/OneDrive/Desktop/GitHub/Codename-PDG/WCPGW/Content/SimpleStuff/SimplePeople/Characters/SK_Character_Skeleton.uasset" 6
"../../../../../../Users/julia/OneDrive/Desktop/GitHub/Codename-PDG/WCPGW/Content/AS_Idle_01.uasset" 7
"../../../../../../Users/julia/OneDrive/Desktop/GitHub/Codename-PDG/WCPGW/Content/AM_Idle_01.uasset" 8
"../../../../../../Users/julia/OneDrive/Desktop/GitHub/Codename-PDG/WCPGW/Content/AICitizens/Character/Animations/AS_Looking_01.uasset" 9
"../../../../../../Users/julia/OneDrive/Desktop/GitHub/Codename-PDG/WCPGW/Content/AS_Looking_01.uasset" 10
"../../../../../../Users/julia/OneDrive/Desktop/GitHub/Codename-PDG/WCPGW/Content/AM_Looking_01.uasset" 11
"../../../../../../Users/julia/OneDrive/Desktop/GitHub/Codename-PDG/WCPGW/Content/AICitizens/Character/Animations/AS_Looking_02.uasset" 12
"../../../../../../Users/julia/OneDrive/Desktop/GitHub/Codename-PDG/WCPGW/Content/AS_Looking_02.uasset" 13
"../../../../../../Users/julia/OneDrive/Desktop/GitHub/Codename-PDG/WCPGW/Content/AM_Looking_02.uasset" 14
"../../../../../../Users/julia/OneDrive/Desktop/GitHub/Codename-PDG/WCPGW/Content/AICitizens/Character/Animations/AS_Talking_01.uasset" 15
"../../../../../../Users/julia/OneDrive/Desktop/GitHub/Codename-PDG/WCPGW/Content/AS_Talking_01.uasset" 16
"../../../../../../Users/julia/OneDrive/Desktop/GitHub/Codename-PDG/WCPGW/Content/AM_Talking_01.uasset" 17
"../../../../../../Users/julia/OneDrive/Desktop/GitHub/Codename-PDG/WCPGW/Content/AICitizens/Character/Animations/AS_Talking_02.uasset" 18
"../../../../../../Users/julia/OneDrive/Desktop/GitHub/Codename-PDG/WCPGW/Content/AS_Talking_02.uasset" 19
"../../../../../../Users/julia/OneDrive/Desktop/GitHub/Codename-PDG/WCPGW/Content/AM_Talking_02.uasset" 20
"../../../../../../Users/julia/OneDrive/Desktop/GitHub/Codename-PDG/WCPGW/Content/cafe.uasset" 21
"../../../../../../Users/julia/OneDrive/Desktop/GitHub/Codename-PDG/WCPGW/Content/cafe_Mat.uasset" 22
"../../../../../../Users/julia/OneDrive/Desktop/GitHub/Codename-PDG/WCPGW/Content/Character.uasset" 23
"../../../../../../Users/julia/OneDrive/Desktop/GitHub/Codename-PDG/WCPGW/Content/Character_Mat.uasset" 24
"../../../../../../Users/julia/OneDrive/Desktop/GitHub/Codename-PDG/WCPGW/Content/controller.uasset" 25
"../../../../../../Users/julia/OneDrive/Desktop/GitHub/Codename-PDG/WCPGW/Content/controller_Mat.uasset" 26
"../../../../../../Users/julia/OneDrive/Desktop/GitHub/Codename-PDG/WCPGW/Content/cursor.uasset" 27
"../../../../../../Users/julia/OneDrive/Desktop/GitHub/Codename-PDG/WCPGW/Content/cursor_Mat.uasset" 28
"../../../../../../Users/julia/OneDrive/Desktop/GitHub/Codename-PDG/WCPGW/Content/fLLGUYS.uasset" 29
"../../../../../../Users/julia/OneDrive/Desktop/GitHub/Codename-PDG/WCPGW/Content/fLLGUYS_Mat.uasset" 30
"../../../../../../Users/julia/OneDrive/Desktop/GitHub/Codename-PDG/WCPGW/Content/gmail-1260x840.uasset" 31
"../../../../../../Users/julia/OneDrive/Desktop/GitHub/Codename-PDG/WCPGW/Content/gmail-1260x840_Mat.uasset" 32
"../../../../../../Users/julia/OneDrive/Desktop/GitHub/Codename-PDG/WCPGW/Content/HTCVIVE.uasset" 33
"../../../../../../Users/julia/OneDrive/Desktop/GitHub/Codename-PDG/WCPGW/Content/HTCVIVESTEAM.uasset" 34
"../../../../../../Users/julia/OneDrive/Desktop/GitHub/Codename-PDG/WCPGW/Content/HTCVIVESTEAM_Mat.uasset" 35
"../../../../../../Users/julia/OneDrive/Desktop/GitHub/Codename-PDG/WCPGW/Content/HTCVIVE_Mat.uasset" 36
"../../../../../../Users/julia/OneDrive/Desktop/GitHub/Codename-PDG/WCPGW/Content/mail.uasset" 37
"../../../../../../Users/julia/OneDrive/Desktop/GitHub/Codename-PDG/WCPGW/Content/mail_Mat.uasset" 38
"../../../../../../Users/julia/OneDrive/Desktop/GitHub/Codename-PDG/WCPGW/Content/outlook.uasset" 39
"../../../../../../Users/julia/OneDrive/Desktop/GitHub/Codename-PDG/WCPGW/Content/outlook_Mat.uasset" 40
"../../../../../../Users/julia/OneDrive/Desktop/GitHub/Codename-PDG/WCPGW/Content/pokemod.uasset" 41
"../../../../../../Users/julia/OneDrive/Desktop/GitHub/Codename-PDG/WCPGW/Content/rblx_Mat.uasset" 42
"../../../../../../Users/julia/OneDrive/Desktop/GitHub/Codename-PDG/WCPGW/Content/speaker.uasset" 43
"../../../../../../Users/julia/OneDrive/Desktop/GitHub/Codename-PDG/WCPGW/Content/speaker_Mat.uasset" 44
"../../../../../../Users/julia/OneDrive/Desktop/GitHub/Codename-PDG/WCPGW/Content/stars.uasset" 45
"../../../../../../Users/julia/OneDrive/Desktop/GitHub/Codename-PDG/WCPGW/Content/stars_Mat.uasset" 46
"../../../../../../Users/julia/OneDrive/Desktop/GitHub/Codename-PDG/WCPGW/Content/STEAM.uasset" 47
"../../../../../../Users/julia/OneDrive/Desktop/GitHub/Codename-PDG/WCPGW/Content/STEAM_Mat.uasset" 48
"../../../../../../Users/julia/OneDrive/Desktop/GitHub/Codename-PDG/WCPGW/Content/VIVE.uasset" 49
"../../../../../../Users/julia/OneDrive/Desktop/GitHub/Codename-PDG/WCPGW/Content/VIVE_Mat.uasset" 50
"../../../../../../Users/julia/OneDrive/Desktop/GitHub/Codename-PDG/WCPGW/Content/yahoo.uasset" 51
"../../../../../../Users/julia/OneDrive/Desktop/GitHub/Codename-PDG/WCPGW/Content/AICitizens/Tutorial.uasset" 52
"../../../../../../Users/julia/OneDrive/Desktop/GitHub/Codename-PDG/WCPGW/Content/AICitizens/Character/Animations/AS_Run.uasset" 53
"../../../../../../Users/julia/OneDrive/Desktop/GitHub/Codename-PDG/WCPGW/Content/AICitizens/Character/Animations/AS_Walk.uasset" 54
"../../../../../../Users/julia/OneDrive/Desktop/GitHub/Codename-PDG/WCPGW/Content/AICitizens/Character/Animations/BS_Move.uasset" 55
"../../../Engine/Content/EditorBlueprintResources/StandardMacros.uasset" 56
"../../../../../../Users/julia/OneDrive/Desktop/GitHub/Codename-PDG/WCPGW/Content/AICitizens/Character/Animations/ABP_Mannequin.uasset" 57
"../../../../../../Users/julia/OneDrive/Desktop/GitHub/Codename-PDG/WCPGW/Content/AICitizens/Character/Animations/AM_Idle_01.uasset" 58
"../../../../../../Users/julia/OneDrive/Desktop/GitHub/Codename-PDG/WCPGW/Content/AICitizens/Character/Mesh/Mannequin_PhysicsAsset.uasset" 59
"../../../Engine/Content/Functions/Engine_MaterialFunctions02/Utility/BlendAngleCorrectedNormals.uasset" 60
"../../../Engine/Content/Functions/MaterialLayerFunctions/MatLayerBlend_AO.uasset" 61
"../../../Engine/Content/Functions/MaterialLayerFunctions/MatLayerBlend_NormalBlend.uasset" 62
"../../../Engine/Content/Functions/MaterialLayerFunctions/MatLayerBlend_Simple.uasset" 63
"../../../../../../Users/julia/OneDrive/Desktop/GitHub/Codename-PDG/WCPGW/Content/AICitizens/Materials/MaterialLayers/T_RubberBlue_D.uasset" 64
"../../../../../../Users/julia/OneDrive/Desktop/GitHub/Codename-PDG/WCPGW/Content/AICitizens/Materials/MaterialLayers/T_RubberBlue_N.uasset" 65
"../../../../../../Users/julia/OneDrive/Desktop/GitHub/Codename-PDG/WCPGW/Content/AICitizens/Materials/MaterialLayers/ML_GlossyBlack_Latex_UE4.uasset" 66
"../../../../../../Users/julia/OneDrive/Desktop/GitHub/Codename-PDG/WCPGW/Content/AICitizens/Materials/MaterialLayers/ML_Plastic_Shiny_Beige.uasset" 67
"../../../../../../Users/julia/OneDrive/Desktop/GitHub/Codename-PDG/WCPGW/Content/AICitizens/Textures/T_MannequinLogo_N.uasset" 68
"../../../../../../Users/julia/OneDrive/Desktop/GitHub/Codename-PDG/WCPGW/Content/AICitizens/Materials/MaterialLayers/ML_Plastic_Shiny_Beige_LOGO.uasset" 69
"../../../../../../Users/julia/OneDrive/Desktop/GitHub/Codename-PDG/WCPGW/Content/AICitizens/Materials/MaterialLayers/T_Aluminum.uasset" 70
"../../../../../../Users/julia/OneDrive/Desktop/GitHub/Codename-PDG/WCPGW/Content/AICitizens/Materials/MaterialLayers/T_Aluminum_N.uasset" 71
"../../../../../../Users/julia/OneDrive/Desktop/GitHub/Codename-PDG/WCPGW/Content/AICitizens/Materials/MaterialLayers/ML_SoftMetal_UE4.uasset" 72
"../../../../../../Users/julia/OneDrive/Desktop/GitHub/Codename-PDG/WCPGW/Content/AICitizens/Textures/T_Mannequin_Mask.uasset" 73
"../../../../../../Users/julia/OneDrive/Desktop/GitHub/Codename-PDG/WCPGW/Content/AICitizens/Textures/T_Mannequin_N.uasset" 74
"../../../../../../Users/julia/OneDrive/Desktop/GitHub/Codename-PDG/WCPGW/Content/AICitizens/Textures/T_Mannequin_Occlusion.uasset" 75
"../../../../../../Users/julia/OneDrive/Desktop/GitHub/Codename-PDG/WCPGW/Content/AICitizens/Materials/M_MannequinBody_01.uasset" 76
"../../../../../../Users/julia/OneDrive/Desktop/GitHub/Codename-PDG/WCPGW/Content/AICitizens/Materials/M_MannequinLogo_01.uasset" 77
"../../../../../../Users/julia/OneDrive/Desktop/GitHub/Codename-PDG/WCPGW/Content/SimpleStuff/SimplePeople/Characters/SK_Character_PhysicsAsset.uasset" 78
"../../../../../../Users/julia/OneDrive/Desktop/GitHub/Codename-PDG/WCPGW/Content/AICitizens/Character/Mesh/SK_Mannequin.uasset" 79
"../../../../../../Users/julia/OneDrive/Desktop/GitHub/Codename-PDG/WCPGW/Content/Geometry/Meshes/CubeMaterial.uasset" 80
"../../../../../../Users/julia/OneDrive/Desktop/GitHub/Codename-PDG/WCPGW/Content/Geometry/Meshes/1M_Cube_Chamfer.uasset" 81
"../../../../../../Users/julia/OneDrive/Desktop/GitHub/Codename-PDG/WCPGW/Content/Geometry/Meshes/TemplateFloor.uasset" 82
"../../../../../../Users/julia/OneDrive/Desktop/GitHub/Codename-PDG/WCPGW/Content/PhenixStuff/finish-line-vector-21105767.uasset" 83
"../../../../../../Users/julia/OneDrive/Desktop/GitHub/Codename-PDG/WCPGW/Content/PhenixStuff/finish-line-vector-21105767_Mat.uasset" 84
"../../../../../../Users/julia/OneDrive/Desktop/GitHub/Codename-PDG/WCPGW/Content/SimpleStuff/SimpleBlueprints/GameModes/SimpleGameInstance.uasset" 85
"../../../../../../Users/julia/OneDrive/Desktop/GitHub/Codename-PDG/WCPGW/Content/SimpleStuff/SimplePeople/Textures/TEX_SimplePeople_Hobo_White.uasset" 86
"../../../../../../Users/julia/OneDrive/Desktop/GitHub/Codename-PDG/WCPGW/Content/SimpleStuff/SimplePeople/Materials/MAT_Character_Hobo.uasset" 87
"../../../../../../Users/julia/OneDrive/Desktop/GitHub/Codename-PDG/WCPGW/Content/SimpleStuff/SimplePeople/Characters/SK_Character_Hobo.uasset" 88
"../../../../../../Users/julia/OneDrive/Desktop/GitHub/Codename-PDG/WCPGW/Content/SimpleStuff/SimpleCharacter/Simple_Character.uasset" 89
"../../../../../../Users/julia/OneDrive/Desktop/GitHub/Codename-PDG/WCPGW/Content/SimpleStuff/SimplePeople/Textures/TEX_SimplePeople_BeachBabe_Black.uasset" 90
"../../../../../../Users/julia/OneDrive/Desktop/GitHub/Codename-PDG/WCPGW/Content/SimpleStuff/SimplePeople/Textures/TEX_SimplePeople_Doctor_Black.uasset" 91
"../../../../../../Users/julia/OneDrive/Desktop/GitHub/Codename-PDG/WCPGW/Content/SimpleStuff/SimplePeople/Textures/TEX_SimplePeople_FireFighter_Brown.uasset" 92
"../../../../../../Users/julia/OneDrive/Desktop/GitHub/Codename-PDG/WCPGW/Content/SimpleStuff/SimplePeople/Textures/Alternative_Textures/TEX_SimplePeople_BeachBabe_Brown.uasset" 93
"../../../../../../Users/julia/OneDrive/Desktop/GitHub/Codename-PDG/WCPGW/Content/SimpleStuff/SimplePeople/Textures/Alternative_Textures/TEX_SimplePeople_BusinessMan_Brown.uasset" 94
"../../../../../../Users/julia/OneDrive/Desktop/GitHub/Codename-PDG/WCPGW/Content/SimpleStuff/SimplePeople/Textures/Alternative_Textures/TEX_SimplePeople_BusinessMan_White.uasset" 95
"../../../../../../Users/julia/OneDrive/Desktop/GitHub/Codename-PDG/WCPGW/Content/SimpleStuff/SimplePeople/Textures/Alternative_Textures/TEX_SimplePeople_Doctor_White.uasset" 96
"../../../../../../Users/julia/OneDrive/Desktop/GitHub/Codename-PDG/WCPGW/Content/SimpleStuff/SimplePeople/Textures/Alternative_Textures/TEX_SimplePeople_FireFighter_White.uasset" 97
"../../../../../../Users/julia/OneDrive/Desktop/GitHub/Codename-PDG/WCPGW/Content/SimpleStuff/SimplePeople/Textures/Alternative_Textures/TEX_SimplePeople_Hobo_Black.uasset" 98
"../../../../../../Users/julia/OneDrive/Desktop/GitHub/Codename-PDG/WCPGW/Content/SimpleStuff/SimplePeople/Textures/Alternative_Textures/TEX_SimplePeople_Hobo_Brown.uasset" 99
"../../../../../../Users/julia/OneDrive/Desktop/GitHub/Codename-PDG/WCPGW/Content/SimpleStuff/SimplePeople/Textures/Alternative_Textures/TEX_SimplePeople_HouseWife_Black.uasset" 100
"../../../../../../Users/julia/OneDrive/Desktop/GitHub/Codename-PDG/WCPGW/Content/SimpleStuff/SimplePeople/Textures/Alternative_Textures/TEX_SimplePeople_HouseWife_Brown.uasset" 101
"../../../../../../Users/julia/OneDrive/Desktop/GitHub/Codename-PDG/WCPGW/Content/SimpleStuff/SimplePeople/Textures/Alternative_Textures/TEX_SimplePeople_Pimp_Brown.uasset" 102
"../../../../../../Users/julia/OneDrive/Desktop/GitHub/Codename-PDG/WCPGW/Content/SimpleStuff/SimplePeople/Textures/Alternative_Textures/TEX_SimplePeople_Pimp_White.uasset" 103
"../../../../../../Users/julia/OneDrive/Desktop/GitHub/Codename-PDG/WCPGW/Content/SimpleStuff/SimplePeople/Textures/Alternative_Textures/TEX_SimplePeople_Policeman_Black.uasset" 104
"../../../../../../Users/julia/OneDrive/Desktop/GitHub/Codename-PDG/WCPGW/Content/SimpleStuff/SimplePeople/Textures/Alternative_Textures/TEX_SimplePeople_Policeman_Brown.uasset" 105
"../../../../../../Users/julia/OneDrive/Desktop/GitHub/Codename-PDG/WCPGW/Content/SimpleStuff/SimplePeople/Textures/Alternative_Textures/TEX_SimplePeople_Prostitute_Black.uasset" 106
"../../../../../../Users/julia/OneDrive/Desktop/GitHub/Codename-PDG/WCPGW/Content/SimpleStuff/SimplePeople/Textures/Alternative_Textures/TEX_SimplePeople_Prostitute_Brown.uasset" 107
"../../../../../../Users/julia/OneDrive/Desktop/GitHub/Codename-PDG/WCPGW/Content/SimpleStuff/SimplePeople/Textures/Alternative_Textures/TEX_SimplePeople_Punk_Black.uasset" 108
"../../../../../../Users/julia/OneDrive/Desktop/GitHub/Codename-PDG/WCPGW/Content/SimpleStuff/SimplePeople/Textures/Alternative_Textures/TEX_SimplePeople_Punk_Brown.uasset" 109
"../../../../../../Users/julia/OneDrive/Desktop/GitHub/Codename-PDG/WCPGW/Content/SimpleStuff/SimplePeople/Textures/Alternative_Textures/TEX_SimplePeople_Redneck_Black.uasset" 110
"../../../../../../Users/julia/OneDrive/Desktop/GitHub/Codename-PDG/WCPGW/Content/SimpleStuff/SimplePeople/Textures/Alternative_Textures/TEX_SimplePeople_Redneck_Brown.uasset" 111
"../../../../../../Users/julia/OneDrive/Desktop/GitHub/Codename-PDG/WCPGW/Content/SimpleStuff/SimplePeople/Textures/Alternative_Textures/TEX_SimplePeople_RiotCop_Black.uasset" 112
"../../../../../../Users/julia/OneDrive/Desktop/GitHub/Codename-PDG/WCPGW/Content/SimpleStuff/SimplePeople/Textures/Alternative_Textures/TEX_SimplePeople_RiotCop_Brown.uasset" 113
"../../../../../../Users/julia/OneDrive/Desktop/GitHub/Codename-PDG/WCPGW/Content/SimpleStuff/SimplePeople/Textures/Alternative_Textures/TEX_SimplePeople_RoadWorker_Black.uasset" 114
"../../../../../../Users/julia/OneDrive/Desktop/GitHub/Codename-PDG/WCPGW/Content/SimpleStuff/SimplePeople/Textures/Alternative_Textures/TEX_SimplePeople_RoadWorker_Brown.uasset" 115
"../../../../../../Users/julia/OneDrive/Desktop/GitHub/Codename-PDG/WCPGW/Content/SimpleStuff/SimplePeople/Textures/Alternative_Textures/TEX_SimplePeople_Robber_Black.uasset" 116
"../../../../../../Users/julia/OneDrive/Desktop/GitHub/Codename-PDG/WCPGW/Content/SimpleStuff/SimplePeople/Textures/Alternative_Textures/TEX_SimplePeople_Robber_Brown.uasset" 117
"../../../../../../Users/julia/OneDrive/Desktop/GitHub/Codename-PDG/WCPGW/Content/SimpleStuff/SimplePeople/Textures/Alternative_Textures/TEX_SimplePeople_Sheriff_Black.uasset" 118
"../../../../../../Users/julia/OneDrive/Desktop/GitHub/Codename-PDG/WCPGW/Content/SimpleStuff/SimplePeople/Textures/Alternative_Textures/TEX_SimplePeople_Sheriff_Brown.uasset" 119
"../../../../../../Users/julia/OneDrive/Desktop/GitHub/Codename-PDG/WCPGW/Content/SimpleStuff/SimplePeople/Textures/Alternative_Textures/TEX_SimplePeople_StreetMan_Brown.uasset" 120
"../../../../../../Users/julia/OneDrive/Desktop/GitHub/Codename-PDG/WCPGW/Content/SimpleStuff/SimplePeople/Textures/Alternative_Textures/TEX_SimplePeople_StreetMan_White.uasset" 121
"../../../../../../Users/julia/OneDrive/Desktop/GitHub/Codename-PDG/WCPGW/Content/SimpleStuff/SimplePeople/Textures/Alternative_Textures/TEX_SimplePeople_Waitress_Black.uasset" 122
"../../../../../../Users/julia/OneDrive/Desktop/GitHub/Codename-PDG/WCPGW/Content/SimpleStuff/SimplePeople/Textures/Alternative_Textures/TEX_SimplePeople_Waitress_Brown.uasset" 123
"../../../../../../Users/julia/OneDrive/Desktop/GitHub/Codename-PDG/WCPGW/Content/SimpleStuff/SimpleTown/Textures/T_SimpleTown_Texture.uasset" 124
"../../../../../../Users/julia/OneDrive/Desktop/GitHub/Codename-PDG/WCPGW/Content/SimpleStuff/SimpleTown/Materials/M_SimpleTown_Material.uasset" 125
"../../../../../../Users/julia/OneDrive/Desktop/GitHub/Codename-PDG/WCPGW/Content/SimpleStuff/SimpleTown/Meshes/Vehicles_Static/SM_Static_Veh_Ambo.uasset" 126
"../../../../../../Users/julia/OneDrive/Desktop/GitHub/Codename-PDG/WCPGW/Content/SimpleStuff/SimpleTown/Meshes/Vehicles_Static/SM_Veh_Bus_Blue.uasset" 127
"../../../../../../Users/julia/OneDrive/Desktop/GitHub/Codename-PDG/WCPGW/Content/SimpleStuff/SimpleTown/Meshes/Vehicles_Static/SM_Veh_Bus_Brown.uasset" 128
"../../../../../../Users/julia/OneDrive/Desktop/GitHub/Codename-PDG/WCPGW/Content/SimpleStuff/SimpleTown/Meshes/Vehicles_Static/SM_Veh_Bus_Grey.uasset" 129
"../../../../../../Users/julia/OneDrive/Desktop/GitHub/Codename-PDG/WCPGW/Content/SimpleStuff/SimpleTown/Meshes/Vehicles_Static/SM_Veh_Car_Blue.uasset" 130
"../../../../../../Users/julia/OneDrive/Desktop/GitHub/Codename-PDG/WCPGW/Content/SimpleStuff/SimpleTown/Meshes/Vehicles_Static/SM_Veh_Car_Green.uasset" 131
"../../../../../../Users/julia/OneDrive/Desktop/GitHub/Codename-PDG/WCPGW/Content/SimpleStuff/SimpleTown/Meshes/Vehicles_Static/SM_Veh_Car_Red.uasset" 132
"../../../../../../Users/julia/OneDrive/Desktop/GitHub/Codename-PDG/WCPGW/Content/SimpleStuff/SimpleTown/Meshes/Vehicles_Static/SM_Veh_Cop.uasset" 133
"../../../../../../Users/julia/OneDrive/Desktop/GitHub/Codename-PDG/WCPGW/Content/SimpleStuff/SimpleTown/Meshes/Vehicles_Static/SM_Veh_Fire_Truck.uasset" 134
"../../../../../../Users/julia/OneDrive/Desktop/GitHub/Codename-PDG/WCPGW/Content/SimpleStuff/SimpleTown/Meshes/Vehicles_Static/SM_Veh_Rubbish_Truck.uasset" 135
"../../../../../../Users/julia/OneDrive/Desktop/GitHub/Codename-PDG/WCPGW/Content/SimpleStuff/SimpleTown/Meshes/Vehicles_Static/SM_Veh_Taxi.uasset" 136
"../../../../../../Users/julia/OneDrive/Desktop/GitHub/Codename-PDG/WCPGW/Content/SimpleStuff/SimpleTown/Meshes/Vehicles_Static/SM_Veh_Ute_Blue.uasset" 137
"../../../../../../Users/julia/OneDrive/Desktop/GitHub/Codename-PDG/WCPGW/Content/SimpleStuff/SimpleTown/Meshes/Vehicles_Static/SM_Veh_Ute_Blue_Empty.uasset" 138
"../../../../../../Users/julia/OneDrive/Desktop/GitHub/Codename-PDG/WCPGW/Content/SimpleStuff/SimpleTown/Meshes/Vehicles_Static/SM_Veh_Ute_Red.uasset" 139
"../../../../../../Users/julia/OneDrive/Desktop/GitHub/Codename-PDG/WCPGW/Content/SimpleStuff/SimpleTown/Meshes/Vehicles_Static/SM_Veh_Ute_Red_Empty.uasset" 140
"../../../../../../Users/julia/OneDrive/Desktop/GitHub/Codename-PDG/WCPGW/Content/SimpleStuff/SimpleTown/Meshes/Vehicles_Static/SM_Veh_Ute_Yellow.uasset" 141
"../../../../../../Users/julia/OneDrive/Desktop/GitHub/Codename-PDG/WCPGW/Content/SimpleStuff/SimpleTown/Meshes/Vehicles_Static/SM_Veh_Ute_Yellow_Empty.uasset" 142
"../../../../../../Users/julia/OneDrive/Desktop/GitHub/Codename-PDG/WCPGW/Content/SimpleStuff/SimpleTown/Meshes/Vehicles_Static/SM_Veh_Van_Blue.uasset" 143
"../../../../../../Users/julia/OneDrive/Desktop/GitHub/Codename-PDG/WCPGW/Content/SimpleStuff/SimpleTown/Meshes/Vehicles_Static/SM_Veh_Van_Green.uasset" 144
"../../../../../../Users/julia/OneDrive/Desktop/GitHub/Codename-PDG/WCPGW/Content/SimpleStuff/SimpleTown/Meshes/Vehicles_Static/SM_Veh_Van_Red.uasset" 145
"../../../../../../Users/julia/OneDrive/Desktop/GitHub/Codename-PDG/WCPGW/Content/AS_Run.uasset" 146
"../../../../../../Users/julia/OneDrive/Desktop/GitHub/Codename-PDG/WCPGW/Content/AS_Walk.uasset" 147
"../../../../../../Users/julia/OneDrive/Desktop/GitHub/Codename-PDG/WCPGW/Content/SimpleStuff/SimplePeople/Anim/BS_Mover.uasset" 148
"../../../../../../Users/julia/OneDrive/Desktop/GitHub/Codename-PDG/WCPGW/Content/SimpleStuff/SimplePeople/Anim/New_Blueprint.uasset" 149
"../../../../../../Users/julia/OneDrive/Desktop/GitHub/Codename-PDG/WCPGW/Content/AICitizens/AI/BB_AICitizen.uasset" 150
"../../../../../../Users/julia/OneDrive/Desktop/GitHub/Codename-PDG/WCPGW/Content/AICitizens/AI/Decorators/BP_RandomFail_01.uasset" 151
"../../../../../../Users/julia/OneDrive/Desktop/GitHub/Codename-PDG/WCPGW/Content/AICitizens/Blueprints/BP_BasePOI_01.uasset" 152
"../../../../../../Users/julia/OneDrive/Desktop/GitHub/Codename-PDG/WCPGW/Content/AICitizens/Blueprints/SlotAnim.uasset" 153
"../../../../../../Users/julia/OneDrive/Desktop/GitHub/Codename-PDG/WCPGW/Content/AICitizens/Blueprints/BP_BasePOISlot_01.uasset" 154
"../../../../../../Users/julia/OneDrive/Desktop/GitHub/Codename-PDG/WCPGW/Content/AICitizens/AI/Tasks/BP_FIndFreePOISlot_01.uasset" 155
"../../../../../../Users/julia/OneDrive/Desktop/GitHub/Codename-PDG/WCPGW/Content/AICitizens/AI/Tasks/BP_GetSlotLocation_01.uasset" 156
"../../../../../../Users/julia/OneDrive/Desktop/GitHub/Codename-PDG/WCPGW/Content/AICitizens/AI/Tasks/BP_LookAtPOI_01.uasset" 157
"../../../../../../Users/julia/OneDrive/Desktop/GitHub/Codename-PDG/WCPGW/Content/AICitizens/AI/Tasks/BP_PlaySlotAnimation_01.uasset" 158
"../../../../../../Users/julia/OneDrive/Desktop/GitHub/Codename-PDG/WCPGW/Content/AICitizens/AI/Tasks/BP_ReleasePOISlot_01.uasset" 159
"../../../../../../Users/julia/OneDrive/Desktop/GitHub/Codename-PDG/WCPGW/Content/AICitizens/AI/EQS/EQS_FindBestLocation_01.uasset" 160
"../../../../../../Users/julia/OneDrive/Desktop/GitHub/Codename-PDG/WCPGW/Content/AICitizens/AI/EQS/Generators/BP_POIGenerator_01.uasset" 161
"../../../../../../Users/julia/OneDrive/Desktop/GitHub/Codename-PDG/WCPGW/Content/AICitizens/AI/EQS/EQS_FindPOI_01.uasset" 162
"../../../../../../Users/julia/OneDrive/Desktop/GitHub/Codename-PDG/WCPGW/Content/AICitizens/AI/BT_AICitizen.uasset" 163
"../../../../../../Users/julia/OneDrive/Desktop/GitHub/Codename-PDG/WCPGW/Content/AICitizens/AI/BP_AIController_01.uasset" 164
"../../../../../../Users/julia/OneDrive/Desktop/GitHub/Codename-PDG/WCPGW/Content/SimpleStuff/SimpleBlueprints/GameModes/SimpleGamemode.uasset" 165
"../../../../../../Users/julia/OneDrive/Desktop/GitHub/Codename-PDG/WCPGW/Content/VirtualRealityBP/Blueprints/PickupActorInterface.uasset" 166
"../../../../../../Users/julia/OneDrive/Desktop/GitHub/Codename-PDG/WCPGW/Content/SimpleStuff/SimplePeople/Textures/Alternative_Textures/TEX_SimplePeople_BeachBabe_White.uasset" 167
"../../../../../../Users/julia/OneDrive/Desktop/GitHub/Codename-PDG/WCPGW/Content/SimpleStuff/SimplePeople/Materials/MAT_Character_BeachBabe.uasset" 168
"../../../../../../Users/julia/OneDrive/Desktop/GitHub/Codename-PDG/WCPGW/Content/SimpleStuff/SimplePeople/Characters/SK_Character_BeachBabe.uasset" 169
"../../../../../../Users/julia/OneDrive/Desktop/GitHub/Codename-PDG/WCPGW/Content/SimpleStuff/SimplePeople/Textures/TEX_SimplePeople_BusinessMan_Black.uasset" 170
"../../../../../../Users/julia/OneDrive/Desktop/GitHub/Codename-PDG/WCPGW/Content/SimpleStuff/SimplePeople/Materials/MAT_Character_BusinessMan.uasset" 171
"../../../../../../Users/julia/OneDrive/Desktop/GitHub/Codename-PDG/WCPGW/Content/SimpleStuff/SimplePeople/Characters/SK_Character_BusinessMan.uasset" 172
"../../../../../../Users/julia/OneDrive/Desktop/GitHub/Codename-PDG/WCPGW/Content/SimpleStuff/SimplePeople/Textures/TEX_SimplePeople_Doctor_Brown.uasset" 173
"../../../../../../Users/julia/OneDrive/Desktop/GitHub/Codename-PDG/WCPGW/Content/SimpleStuff/SimplePeople/Materials/MAT_Character_Doctor.uasset" 174
"../../../../../../Users/julia/OneDrive/Desktop/GitHub/Codename-PDG/WCPGW/Content/SimpleStuff/SimplePeople/Characters/SK_Character_Doctor.uasset" 175
"../../../../../../Users/julia/OneDrive/Desktop/GitHub/Codename-PDG/WCPGW/Content/SimpleStuff/SimplePeople/Textures/TEX_SimplePeople_FireFighter_Black.uasset" 176
"../../../../../../Users/julia/OneDrive/Desktop/GitHub/Codename-PDG/WCPGW/Content/SimpleStuff/SimplePeople/Materials/MAT_Character_FireFighter.uasset" 177
"../../../../../../Users/julia/OneDrive/Desktop/GitHub/Codename-PDG/WCPGW/Content/SimpleStuff/SimplePeople/Characters/SK_Character_FireFighter.uasset" 178
"../../../../../../Users/julia/OneDrive/Desktop/GitHub/Codename-PDG/WCPGW/Content/SimpleStuff/SimplePeople/Textures/TEX_SimplePeople_HouseWife_White.uasset" 179
"../../../../../../Users/julia/OneDrive/Desktop/GitHub/Codename-PDG/WCPGW/Content/SimpleStuff/SimplePeople/Materials/MAT_Character_HouseWife.uasset" 180
"../../../../../../Users/julia/OneDrive/Desktop/GitHub/Codename-PDG/WCPGW/Content/SimpleStuff/SimplePeople/Characters/SK_Character_HouseWifey.uasset" 181
"../../../../../../Users/julia/OneDrive/Desktop/GitHub/Codename-PDG/WCPGW/Content/SimpleStuff/SimplePeople/Textures/TEX_SimplePeople_Pimp_Black.uasset" 182
"../../../../../../Users/julia/OneDrive/Desktop/GitHub/Codename-PDG/WCPGW/Content/SimpleStuff/SimplePeople/Materials/MAT_Character_Pimp.uasset" 183
"../../../../../../Users/julia/OneDrive/Desktop/GitHub/Codename-PDG/WCPGW/Content/SimpleStuff/SimplePeople/Characters/SK_Character_Pimp.uasset" 184
"../../../../../../Users/julia/OneDrive/Desktop/GitHub/Codename-PDG/WCPGW/Content/SimpleStuff/SimplePeople/Textures/TEX_SimplePeople_Policeman_White.uasset" 185
"../../../../../../Users/julia/OneDrive/Desktop/GitHub/Codename-PDG/WCPGW/Content/SimpleStuff/SimplePeople/Materials/MAT_Character_Policeman.uasset" 186
"../../../../../../Users/julia/OneDrive/Desktop/GitHub/Codename-PDG/WCPGW/Content/SimpleStuff/SimplePeople/Characters/SK_Character_Policeman.uasset" 187
"../../../../../../Users/julia/OneDrive/Desktop/GitHub/Codename-PDG/WCPGW/Content/SimpleStuff/SimplePeople/Textures/TEX_SimplePeople_Prostitute_White.uasset" 188
"../../../../../../Users/julia/OneDrive/Desktop/GitHub/Codename-PDG/WCPGW/Content/SimpleStuff/SimplePeople/Materials/MAT_Character_Prostitute.uasset" 189
"../../../../../../Users/julia/OneDrive/Desktop/GitHub/Codename-PDG/WCPGW/Content/SimpleStuff/SimplePeople/Characters/SK_Character_Prostitute.uasset" 190
"../../../../../../Users/julia/OneDrive/Desktop/GitHub/Codename-PDG/WCPGW/Content/SimpleStuff/SimplePeople/Textures/TEX_SimplePeople_Punk_White.uasset" 191
"../../../../../../Users/julia/OneDrive/Desktop/GitHub/Codename-PDG/WCPGW/Content/SimpleStuff/SimplePeople/Materials/MAT_Character_Punk.uasset" 192
"../../../../../../Users/julia/OneDrive/Desktop/GitHub/Codename-PDG/WCPGW/Content/SimpleStuff/SimplePeople/Characters/SK_Character_Punk.uasset" 193
"../../../../../../Users/julia/OneDrive/Desktop/GitHub/Codename-PDG/WCPGW/Content/SimpleStuff/SimplePeople/Textures/TEX_SimplePeople_RiotCop_White.uasset" 194
"../../../../../../Users/julia/OneDrive/Desktop/GitHub/Codename-PDG/WCPGW/Content/SimpleStuff/SimplePeople/Materials/MAT_Character_RiotCop.uasset" 195
"../../../../../../Users/julia/OneDrive/Desktop/GitHub/Codename-PDG/WCPGW/Content/SimpleStuff/SimplePeople/Characters/SK_Character_RiotCop.uasset" 196
"../../../../../../Users/julia/OneDrive/Desktop/GitHub/Codename-PDG/WCPGW/Content/SimpleStuff/SimplePeople/Textures/TEX_SimplePeople_RoadWorker_White.uasset" 197
"../../../../../../Users/julia/OneDrive/Desktop/GitHub/Codename-PDG/WCPGW/Content/SimpleStuff/SimplePeople/Materials/MAT_Character_Roadworker.uasset" 198
"../../../../../../Users/julia/OneDrive/Desktop/GitHub/Codename-PDG/WCPGW/Content/SimpleStuff/SimplePeople/Characters/SK_Character_Roadworker.uasset" 199
"../../../../../../Users/julia/OneDrive/Desktop/GitHub/Codename-PDG/WCPGW/Content/SimpleStuff/SimplePeople/Textures/TEX_SimplePeople_Robber_White.uasset" 200
"../../../../../../Users/julia/OneDrive/Desktop/GitHub/Codename-PDG/WCPGW/Content/SimpleStuff/SimplePeople/Materials/MAT_Character_Robber.uasset" 201
"../../../../../../Users/julia/OneDrive/Desktop/GitHub/Codename-PDG/WCPGW/Content/SimpleStuff/SimplePeople/Characters/SK_Character_Robber.uasset" 202
"../../../../../../Users/julia/OneDrive/Desktop/GitHub/Codename-PDG/WCPGW/Content/SimpleStuff/SimplePeople/Textures/TEX_SimplePeople_Sheriff_White.uasset" 203
"../../../../../../Users/julia/OneDrive/Desktop/GitHub/Codename-PDG/WCPGW/Content/SimpleStuff/SimplePeople/Materials/MAT_Character_Sheriff.uasset" 204
"../../../../../../Users/julia/OneDrive/Desktop/GitHub/Codename-PDG/WCPGW/Content/SimpleStuff/SimplePeople/Characters/SK_Character_Sheriff.uasset" 205
"../../../../../../Users/julia/OneDrive/Desktop/GitHub/Codename-PDG/WCPGW/Content/SimpleStuff/SimplePeople/Textures/TEX_SimplePeople_StreetMan_Black.uasset" 206
"../../../../../../Users/julia/OneDrive/Desktop/GitHub/Codename-PDG/WCPGW/Content/SimpleStuff/SimplePeople/Materials/MAT_Character_StreetMan.uasset" 207
"../../../../../../Users/julia/OneDrive/Desktop/GitHub/Codename-PDG/WCPGW/Content/SimpleStuff/SimplePeople/Characters/SK_Character_Streetman.uasset" 208
"../../../../../../Users/julia/OneDrive/Desktop/GitHub/Codename-PDG/WCPGW/Content/SimpleStuff/SimplePeople/Textures/TEX_SimplePeople_Redneck_White.uasset" 209
"../../../../../../Users/julia/OneDrive/Desktop/GitHub/Codename-PDG/WCPGW/Content/SimpleStuff/SimplePeople/Materials/MAT_Character_Redneck.uasset" 210
"../../../../../../Users/julia/OneDrive/Desktop/GitHub/Codename-PDG/WCPGW/Content/SimpleStuff/SimplePeople/Characters/SK_Character_Trucker.uasset" 211
"../../../../../../Users/julia/OneDrive/Desktop/GitHub/Codename-PDG/WCPGW/Content/SimpleStuff/SimplePeople/Textures/TEX_SimplePeople_Waitress_White.uasset" 212
"../../../../../../Users/julia/OneDrive/Desktop/GitHub/Codename-PDG/WCPGW/Content/SimpleStuff/SimplePeople/Materials/MAT_Character_Waitress.uasset" 213
"../../../../../../Users/julia/OneDrive/Desktop/GitHub/Codename-PDG/WCPGW/Content/SimpleStuff/SimplePeople/Characters/SK_Character_Waitress.uasset" 214
"../../../../../../Users/julia/OneDrive/Desktop/GitHub/Codename-PDG/WCPGW/Content/AICitizens/AI/BP_BaseAICitizenCharacter_01.uasset" 215
"../../../../../../Users/julia/OneDrive/Desktop/GitHub/Codename-PDG/WCPGW/Content/SimpleStuff/SimpleVehicle/SimpleAmbulance/BB_Ambulance.uasset" 216
"../../../../../../Users/julia/OneDrive/Desktop/GitHub/Codename-PDG/WCPGW/Content/SimpleStuff/SimpleVehicle/SimpleAmbulance/FindPatientService.uasset" 217
"../../../../../../Users/julia/OneDrive/Desktop/GitHub/Codename-PDG/WCPGW/Content/SimpleStuff/SimpleVehicle/SimpleAmbulance/LocationsToMoveTo.uasset" 218
"../../../../../../Users/julia/OneDrive/Desktop/GitHub/Codename-PDG/WCPGW/Content/SimpleStuff/SimpleVehicle/SimpleAmbulance/RemovePatientTask.uasset" 219
"../../../../../../Users/julia/OneDrive/Desktop/GitHub/Codename-PDG/WCPGW/Content/SimpleStuff/SimpleVehicle/SimpleAmbulance/BT_Ambulance.uasset" 220
"../../../../../../Users/julia/OneDrive/Desktop/GitHub/Codename-PDG/WCPGW/Content/SimpleStuff/SimpleVehicle/SimpleAmbulance/Ai_Ambulance.uasset" 221
"../../../../../../Users/julia/OneDrive/Desktop/GitHub/Codename-PDG/WCPGW/Content/SimpleStuff/SimpleVehicle/Ai_Ambulance.uasset" 222
"../../../../../../Users/julia/OneDrive/Desktop/GitHub/Codename-PDG/WCPGW/Content/SimpleStuff/SimpleTown/Meshes/Vehicles_Updated/SM_Veh_Ambo_PhysicsAsset.uasset" 223
"../../../../../../Users/julia/OneDrive/Desktop/GitHub/Codename-PDG/WCPGW/Content/SimpleStuff/SimpleTown/Meshes/Vehicles_Updated/SM_Veh_Ambo_Skeleton.uasset" 224
"../../../../../../Users/julia/OneDrive/Desktop/GitHub/Codename-PDG/WCPGW/Content/SimpleStuff/SimpleTown/Meshes/Vehicles_Updated/SM_Veh_Ambo.uasset" 225
"../../../../../../Users/julia/OneDrive/Desktop/GitHub/Codename-PDG/WCPGW/Content/SimpleStuff/SimpleVehicle/SimpleAmbulance/Ambulance.uasset" 226
"../../../../../../Users/julia/OneDrive/Desktop/GitHub/Codename-PDG/WCPGW/Content/SimpleStuff/SimpleVehicle/Scambulance.uasset" 227
"../../../Engine/Content/Animation/DefaultAnimCurveCompressionSettings.uasset" 228
"../../../Engine/Content/Functions/Engine_MaterialFunctions01/Opacity/CameraDepthFade.uasset" 229
"../../../Engine/Content/EngineMaterials/T_Default_Material_Grid_M.uasset" 230
"../../../Engine/Content/EngineMaterials/T_Default_Material_Grid_N.uasset" 231
"../../../Engine/Content/EngineMaterials/WorldGridMaterial.uasset" 232
"../../../Engine/Content/ArtTools/RenderToTexture/Meshes/S_1_Unit_Plane.uasset" 233
"../../../Engine/Content/EngineMaterials/DefaultMaterial.uasset" 234
"../../../Engine/Content/BasicShapes/Cone.uasset" 235
"../../../Engine/Content/BasicShapes/Plane.uasset" 236
"../../../Engine/Content/EditorLandscapeResources/DataLayer.uasset" 237
"../../../Engine/Content/EditorMaterials/MAT_Groups_Toggle.uasset" 238
"../../../Engine/Content/EditorMaterials/MAT_Groups_Visibility.uasset" 239
"../../../Engine/Content/EditorMaterials/PreviewShadowIndicator.uasset" 240
"../../../Engine/Content/EditorMaterials/PreviewShadowIndicatorMaterial.uasset" 241
"../../../Engine/Content/EditorMaterials/MatineeGroups/MAT_ColorTrack.uasset" 242
"../../../Engine/Content/EditorMaterials/MatineeGroups/MAT_Groups_Anim.uasset" 243
"../../../Engine/Content/EditorMaterials/MatineeGroups/MAT_Groups_AudioMaster.uasset" 244
"../../../Engine/Content/EditorMaterials/MatineeGroups/MAT_Groups_Director.uasset" 245
"../../../Engine/Content/EditorMaterials/MatineeGroups/MAT_Groups_Event.uasset" 246
"../../../Engine/Content/EditorMaterials/MatineeGroups/MAT_Groups_Fade.uasset" 247
"../../../Engine/Content/EditorMaterials/MatineeGroups/MAT_Groups_Float.uasset" 248
"../../../Engine/Content/EditorMaterials/MatineeGroups/MAT_Groups_Move.uasset" 249
"../../../Engine/Content/EditorMaterials/MatineeGroups/MAT_Groups_Slomo.uasset" 250
"../../../Engine/Content/EditorMaterials/MatineeGroups/MAT_Groups_Sound.uasset" 251
"../../../Engine/Content/EditorMaterials/MatineeGroups/MAT_Groups_Vector.uasset" 252
"../../../Engine/Content/EditorMaterials/ParticleSystems/PSysThumbnail_NoImage.uasset" 253
"../../../Engine/Content/EditorMaterials/ParticleSystems/PSysThumbnail_OOD.uasset" 254
"../../../Engine/Content/EditorMaterials/Camera/CineMat.uasset" 255
"../../../Engine/Content/EditorMaterials/Camera/MI_CineMat_Rig.uasset" 256
"../../../Engine/Content/EditorMeshes/Camera/SM_CraneRig_Arm.uasset" 257
"../../../Engine/Content/EditorMeshes/Camera/SM_CraneRig_Base.uasset" 258
"../../../Engine/Content/EditorMeshes/Camera/SM_CraneRig_Body.uasset" 259
"../../../Engine/Content/EditorMeshes/Camera/SM_CraneRig_Mount.uasset" 260
"../../../Engine/Content/EditorMeshes/Camera/SM_RailRig_Mount.uasset" 261
"../../../Engine/Content/EditorMeshes/Camera/SM_RailRig_Track.uasset" 262
"../../../Engine/Content/EditorResources/BSPVertex.uasset" 263
"../../../Engine/Content/EditorResources/EmptyActor.uasset" 264
"../../../Engine/Content/EditorResources/S_Actor.uasset" 265
"../../../Engine/Content/EditorResources/S_Note.uasset" 266
"../../../Engine/Content/EditorResources/S_Solver.uasset" 267
"../../../Engine/Content/EditorResources/S_Trigger.uasset" 268
"../../../Engine/Content/EditorResources/LightIcons/S_LightError.uasset" 269
"../../../Engine/Content/EditorResources/SequenceRecorder/Countdown.uasset" 270
"../../../Engine/Content/EditorResources/SequenceRecorder/RecordingIndicator.uasset" 271
"../../../Engine/Content/EditorSounds/Notifications/CompileFailed.uasset" 272
"../../../Engine/Content/EditorSounds/Notifications/CompileFailed_Cue.uasset" 273
"../../../Engine/Content/EditorSounds/Notifications/CompileSuccess.uasset" 274
"../../../Engine/Content/EditorSounds/Notifications/CompileStart_Cue.uasset" 275
"../../../Engine/Content/EditorSounds/Notifications/CompileSuccess_Cue.uasset" 276
"../../../Engine/Content/EngineDamageTypes/DmgTypeBP_Environmental.uasset" 277
"../../../Engine/Content/EngineDebugMaterials/DebugEditorMaterial.uasset" 278
"../../../Engine/Content/EngineDebugMaterials/DebugMeshMaterial.uasset" 279
"../../../Engine/Content/EngineDebugMaterials/M_SimpleUnlitTranslucent.uasset" 280
"../../../Engine/Content/Functions/Engine_MaterialFunctions02/Utility/CameraDirectionVector.uasset" 281
"../../../Engine/Content/EngineDebugMaterials/VolumeToRender.uasset" 282
"../../../Engine/Content/EngineDebugMaterials/M_VolumeRenderSphereTracePP.uasset" 283
"../../../Engine/Content/EngineDebugMaterials/WireframeMaterial.uasset" 284
"../../../Engine/Content/EngineFonts/Faces/DroidSansFallback.uasset" 285
"../../../Engine/Content/EngineFonts/Faces/RobotoBold.uasset" 286
"../../../Engine/Content/EngineFonts/Faces/RobotoBoldItalic.uasset" 287
"../../../Engine/Content/EngineFonts/Faces/RobotoItalic.uasset" 288
"../../../Engine/Content/EngineFonts/Faces/RobotoLight.uasset" 289
"../../../Engine/Content/EngineFonts/Faces/RobotoRegular.uasset" 290
"../../../Engine/Content/EngineFonts/Roboto.uasset" 291
"../../../Engine/Content/EngineMaterials/BaseFlattenDiffuseMap.uasset" 292
"../../../Engine/Content/EngineMaterials/BaseFlattenEmissiveMap.uasset" 293
"../../../Engine/Content/EngineMaterials/BaseFlattenGrayscaleMap.uasset" 294
"../../../Engine/Content/EngineMaterials/BaseFlattenNormalMap.uasset" 295
"../../../Engine/Content/EngineMaterials/BaseFlattenMaterial.uasset" 296
"../../../Engine/Content/EngineMaterials/BlueNoise.uasset" 297
"../../../Engine/Content/EngineMaterials/DefaultBloomKernel.uasset" 298
"../../../Engine/Content/EngineMaterials/DefaultBokeh.uasset" 299
"../../../Engine/Content/EngineMaterials/DefaultDiffuse.uasset" 300
"../../../Engine/Content/EngineMaterials/DefaultDeferredDecalMaterial.uasset" 301
"../../../Engine/Content/EngineMaterials/DefaultLightFunctionMaterial.uasset" 302
"../../../Engine/Content/EngineMaterials/DefaultPhysicalMaterial.uasset" 303
"../../../Engine/Content/Functions/Engine_MaterialFunctions02/Utility/BreakOutFloat2Components.uasset" 304
"../../../Engine/Content/EngineMaterials/DefaultPostProcessMaterial.uasset" 305
"../../../Engine/Content/EngineFonts/RobotoDistanceField.uasset" 306
"../../../Engine/Content/EngineMaterials/DefaultTextMaterialOpaque.uasset" 307
"../../../Engine/Content/EngineMaterials/DefaultWhiteGrid.uasset" 308
"../../../Engine/Content/EngineMaterials/DefaultWhiteGrid_Low.uasset" 309
"../../../Engine/Content/EngineMaterials/EmissiveMeshMaterial.uasset" 310
"../../../Engine/Content/EngineMaterials/GizmoMaterial.uasset" 311
"../../../Engine/Content/EngineMaterials/MiniFont.uasset" 312
"../../../Engine/Content/EngineMaterials/InvalidLightmapSettings.uasset" 313
"../../../Engine/Content/EngineMaterials/M_InvalidLightmapSettings.uasset" 314
"../../../Engine/Content/Functions/Engine_MaterialFunctions02/WorldPositionOffset/CameraOffset.uasset" 315
"../../../Engine/Content/EngineMaterials/PhAT_JointLimitMaterial.uasset" 316
"../../../Engine/Content/EngineMaterials/PreintegratedSkinBRDF.uasset" 317
"../../../Engine/Content/EngineMaterials/RemoveSurfaceMaterial.uasset" 318
"../../../Engine/Content/EngineMaterials/WeightMapPlaceholderTexture.uasset" 319
"../../../Engine/Content/EngineResources/WhiteSquareTexture.uasset" 320
"../../../Engine/Content/EngineMaterials/Widget3DPassThrough.uasset" 321
"../../../Engine/Content/EngineMaterials/Widget3DPassThrough_Masked.uasset" 322
"../../../Engine/Content/EngineMaterials/Widget3DPassThrough_Opaque.uasset" 323
"../../../Engine/Content/EngineMaterials/Widget3DPassThrough_Masked_OneSided.uasset" 324
"../../../Engine/Content/EngineMaterials/Widget3DPassThrough_Opaque_OneSided.uasset" 325
"../../../Engine/Content/EngineMaterials/Widget3DPassThrough_Translucent.uasset" 326
"../../../Engine/Content/EngineMaterials/Widget3DPassThrough_Translucent_OneSided.uasset" 327
"../../../Engine/Content/EngineMeshes/Cylinder.uasset" 328
"../../../Engine/Content/EngineMeshes/Sphere.uasset" 329
"../../../Engine/Content/EngineResources/Black.uasset" 330
"../../../Engine/Content/EngineResources/DefaultTexture.uasset" 331
"../../../Engine/Content/EngineResources/DefaultTextureCube.uasset" 332
"../../../Engine/Content/EngineResources/DefaultVolumeTexture2D.uasset" 333
"../../../Engine/Content/EngineResources/DefaultVolumeTexture.uasset" 334
"../../../Engine/Content/EngineResources/GradientTexture0.uasset" 335
"../../../Engine/Content/EngineSounds/Master.uasset" 336
"../../../Engine/Content/Functions/Engine_MaterialFunctions01/Shading/ConvertFromDiffSpec.uasset" 337
"../../../Engine/Content/Functions/Engine_MaterialFunctions01/Shading/PowerToRoughness.uasset" 338
"../../../Engine/Content/Maps/Templates/Thumbnails/Default.uasset" 339
"../../../Engine/Content/Maps/Templates/Thumbnails/TimeOfDay.uasset" 340
"../../../Engine/Content/Maps/Templates/Thumbnails/VR-Basic.uasset" 341
"../../../Engine/Content/MobileResources/T_MobileControls_texture.uasset" 342
"../../../Engine/Content/MobileResources/T_MobileMenu2.uasset" 343
"../../../Engine/Content/MobileResources/HUD/AnalogHat.uasset" 344
"../../../Engine/Content/MobileResources/HUD/VirtualJoystick_Background.uasset" 345
"../../../Engine/Content/MobileResources/HUD/VirtualJoystick_Thumb.uasset" 346
"../../../Engine/Content/MobileResources/HUD/DefaultVirtualJoysticks.uasset" 347
"../../../Engine/Content/MobileResources/HUD/LeftVirtualJoystickOnly.uasset" 348
"../../../Engine/Content/MobileResources/HUD/MobileHUDButton1_off.uasset" 349
"../../../Engine/Content/MobileResources/HUD/MobileHUDButton1_on.uasset" 350
"../../../Engine/Content/MobileResources/HUD/MobileHUDButton2_off.uasset" 351
"../../../Engine/Content/MobileResources/HUD/MobileHUDButton2_on.uasset" 352
"../../../Engine/Content/MobileResources/HUD/MobileHUDButton3.uasset" 353
"../../../Engine/Content/MobileResources/HUD/MobileHUDButtonFire.uasset" 354
"../../../Engine/Content/MobileResources/HUD/MobileHUDDirectionPad.uasset" 355
"../../../Engine/Content/MobileResources/HUD/MobileHUDDirectionPad2.uasset" 356
"../../../Engine/Content/MobileResources/HUD/MobileHUDDirectionPad3.uasset" 357
"../../../Engine/Content/MobileResources/HUD/MobileHUDDirectionStick.uasset" 358
"../../../Engine/Content/MobileResources/HUD/T_Castle_ThumbstickInner.uasset" 359
"../../../Engine/Content/MobileResources/HUD/T_Castle_ThumbstickOutter.uasset" 360
"../../../Engine/Content/Tutorial/ContentIntroCurve.uasset" 361
"../../../Engine/Content/Tutorial/Basics/LevelEditorAttract.uasset" 362
"../../../Engine/Content/Tutorial/Basics/TutorialAssets/icon_tab_Levels_40x.uasset" 363
"../../../Engine/Content/Tutorial/Basics/LevelEditorOverview.uasset" 364
"../../../Engine/Content/VREditor/LaserPointer/VR_LaserPower_01.uasset" 365
"../../../Engine/Content/VREditor/TransformGizmo/TransformGizmoMaterial.uasset" 366
"../../../Engine/Content/VREditor/TransformGizmo/TranslucentTransformGizmoMaterial.uasset" 367
"../../../Engine/Content/VREditor/TransformGizmo/BoundingBoxCorner.uasset" 368
"../../../Engine/Content/VREditor/TransformGizmo/BoundingBoxEdge.uasset" 369
"../../../Engine/Content/VREditor/TransformGizmo/PlaneTranslationHandle.uasset" 370
"../../../Engine/Content/VREditor/TransformGizmo/Main.uasset" 371
"../../../Engine/Content/VREditor/TransformGizmo/Xray.uasset" 372
"../../../Engine/Content/VREditor/TransformGizmo/SM_Sequencer_Key.uasset" 373
"../../../Engine/Content/VREditor/TransformGizmo/SM_Sequencer_Node.uasset" 374
"../../Plugins/2D/Paper2D/Content/PlaceholderTextures/DummySpriteTexture.uasset" 375
"../../Plugins/2D/Paper2D/Content/DummySprite.uasset" 376
"../../Plugins/2D/Paper2D/Content/DefaultPaperTerrainMaterial.uasset" 377
"../../Plugins/2D/Paper2D/Content/DefaultSpriteMaterial.uasset" 378
"../../Plugins/2D/Paper2D/Content/MaskedUnlitSpriteMaterial.uasset" 379
"../../Plugins/2D/Paper2D/Content/OpaqueUnlitSpriteMaterial.uasset" 380
"../../Plugins/FX/Niagara/Content/Enums/ENiagaraBooleanLogicOps.uasset" 381
"../../Plugins/FX/Niagara/Content/Enums/ENiagaraCoordinateSpace.uasset" 382
"../../Plugins/FX/Niagara/Content/Enums/ENiagaraExpansionMode.uasset" 383
"../../Plugins/FX/Niagara/Content/Enums/ENiagaraOrientationAxis.uasset" 384
"../../Plugins/FX/Niagara/Content/Enums/ENiagaraRandomnessMode.uasset" 385
"../../../Engine/Content/Functions/Engine_MaterialFunctions02/Utility/BreakOutFloat4Components.uasset" 386
"../../../Engine/Content/Functions/Engine_MaterialFunctions02/Utility/MakeFloat2.uasset" 387
"../../../Engine/Content/Functions/Engine_MaterialFunctions02/Utility/MakeFloat3.uasset" 388
"../../Plugins/Runtime/Oculus/OculusVR/Content/Materials/OculusMR_ChromaKey.uasset" 389
"../../Plugins/Runtime/Oculus/OculusVR/Content/Materials/OculusMR_ChromaKey_Lit.uasset" 390
"../../Plugins/Runtime/Oculus/OculusVR/Content/Materials/OculusMR_OpaqueColoredMaterial.uasset" 391
"../../Plugins/Runtime/Oculus/OculusVR/Content/Materials/OculusMR_WhiteMaterial.uasset" 392
"../../../../../../Users/julia/OneDrive/Desktop/GitHub/Codename-PDG/WCPGW/Content/AICitizens/Character/Animations/AM_Looking_01.uasset" 393
"../../../../../../Users/julia/OneDrive/Desktop/GitHub/Codename-PDG/WCPGW/Content/AICitizens/Character/Animations/AM_Looking_02.uasset" 394
"../../../../../../Users/julia/OneDrive/Desktop/GitHub/Codename-PDG/WCPGW/Content/AICitizens/Blueprints/BP_LookingPOISlot_01.uasset" 395
"../../../../../../Users/julia/OneDrive/Desktop/GitHub/Codename-PDG/WCPGW/Content/AICitizens/Materials/M_MarketStallRoof_01.uasset" 396
"../../../../../../Users/julia/OneDrive/Desktop/GitHub/Codename-PDG/WCPGW/Content/AICitizens/Materials/M_MarketStallWall_01.uasset" 397
"../../../../../../Users/julia/OneDrive/Desktop/GitHub/Codename-PDG/WCPGW/Content/AICitizens/Materials/M_MarketStallWood_01.uasset" 398
"../../../../../../Users/julia/OneDrive/Desktop/GitHub/Codename-PDG/WCPGW/Content/AICitizens/Meshes/SM_MarketStall_02.uasset" 399
"../../../../../../Users/julia/OneDrive/Desktop/GitHub/Codename-PDG/WCPGW/Content/AICitizens/Blueprints/BP_POI_MarketStall_02.uasset" 400
"../../../../../../Users/julia/OneDrive/Desktop/GitHub/Codename-PDG/WCPGW/Content/AICitizens/Blueprints/RandomAnim.uasset" 401
"../../../../../../Users/julia/OneDrive/Desktop/GitHub/Codename-PDG/WCPGW/Content/AICitizens/Blueprints/BP_AnimatedMesh_01.uasset" 402
"../../../../../../Users/julia/OneDrive/Desktop/GitHub/Codename-PDG/WCPGW/Content/AICitizens/Character/Animations/AM_Talking_01.uasset" 403
"../../../../../../Users/julia/OneDrive/Desktop/GitHub/Codename-PDG/WCPGW/Content/AICitizens/Character/Animations/AM_Talking_02.uasset" 404
"../../../../../../Users/julia/OneDrive/Desktop/GitHub/Codename-PDG/WCPGW/Content/AICitizens/Blueprints/BP_UniversalPOISlot_01.uasset" 405
"../../../../../../Users/julia/OneDrive/Desktop/GitHub/Codename-PDG/WCPGW/Content/AICitizens/Meshes/SM_MarketStall_03.uasset" 406
"../../../../../../Users/julia/OneDrive/Desktop/GitHub/Codename-PDG/WCPGW/Content/AICitizens/Blueprints/BP_POI_MarketStall_03.uasset" 407
"../../../../../../Users/julia/OneDrive/Desktop/GitHub/Codename-PDG/WCPGW/Content/AICitizens/AI/BP_PathFollowingCharacter_01.uasset" 408
"../../../../../../Users/julia/OneDrive/Desktop/GitHub/Codename-PDG/WCPGW/Content/AICitizens/Blueprints/BP_CitizensGenerator_01.uasset" 409
"../../../Engine/Content/EngineSky/C_Sky_Cloud_Color.uasset" 410
"../../../Engine/Content/EngineSky/C_Sky_Horizon_Color.uasset" 411
"../../../Engine/Content/EngineSky/C_Sky_Zenith_Color.uasset" 412
"../../../Engine/Content/EngineSky/T_Sky_Blue.uasset" 413
"../../../Engine/Content/EngineSky/T_Sky_Clouds_M.uasset" 414
"../../../Engine/Content/EngineSky/T_Sky_Stars.uasset" 415
"../../../Engine/Content/EngineSky/M_Sky_Panning_Clouds2.uasset" 416
"../../../Engine/Content/EngineSky/SM_SkySphere.uasset" 417
"../../../Engine/Content/EngineSky/BP_Sky_Sphere.uasset" 418
"../../../../../../Users/julia/OneDrive/Desktop/GitHub/Codename-PDG/WCPGW/Content/AICitizens/AI/BP_DetourAIController_01.uasset" 419
"../../../../../../Users/julia/OneDrive/Desktop/GitHub/Codename-PDG/WCPGW/Content/AICitizens/AI/BP_CrowdFollowingCharacter_01.uasset" 420
"../../../../../../Users/julia/OneDrive/Desktop/GitHub/Codename-PDG/WCPGW/Content/AICitizens/Meshes/SM_MarketStall_01.uasset" 421
"../../../../../../Users/julia/OneDrive/Desktop/GitHub/Codename-PDG/WCPGW/Content/AICitizens/Blueprints/BP_POI_MarketStall_01.uasset" 422
"../../../../../../Users/julia/OneDrive/Desktop/GitHub/Codename-PDG/WCPGW/Content/AICitizens/Player/BP_PlayerCharacter_01.uasset" 423
"../../../../../../Users/julia/OneDrive/Desktop/GitHub/Codename-PDG/WCPGW/Content/AICitizens/Player/BP_DefaultGameMode_01.uasset" 424
"../../../../../../Users/julia/OneDrive/Desktop/GitHub/Codename-PDG/WCPGW/Content/AICitizens/Textures/T_MedievalRoad_D_01.uasset" 425
"../../../../../../Users/julia/OneDrive/Desktop/GitHub/Codename-PDG/WCPGW/Content/AICitizens/Materials/M_MedievalRoad_01.uasset" 426
"../../../Engine/Content/MapTemplates/SM_Template_Map_Floor.uasset" 427
"../../../../../../Users/julia/OneDrive/Desktop/GitHub/Codename-PDG/WCPGW/Content/AICitizens/Materials/M_DoorHandle_01.uasset" 428
"../../../../../../Users/julia/OneDrive/Desktop/GitHub/Codename-PDG/WCPGW/Content/AICitizens/Materials/M_HouseDoor_01.uasset" 429
"../../../../../../Users/julia/OneDrive/Desktop/GitHub/Codename-PDG/WCPGW/Content/AICitizens/Textures/T_HouseRoof_D_02.uasset" 430
"../../../../../../Users/julia/OneDrive/Desktop/GitHub/Codename-PDG/WCPGW/Content/AICitizens/Materials/M_HouseRoof_02.uasset" 431
"../../../../../../Users/julia/OneDrive/Desktop/GitHub/Codename-PDG/WCPGW/Content/AICitizens/Textures/T_HouseWall_D_01.uasset" 432
"../../../../../../Users/julia/OneDrive/Desktop/GitHub/Codename-PDG/WCPGW/Content/AICitizens/Materials/M_HouseWall_01.uasset" 433
"../../../../../../Users/julia/OneDrive/Desktop/GitHub/Codename-PDG/WCPGW/Content/AICitizens/Materials/M_HouseWindowFrame_01.uasset" 434
"../../../../../../Users/julia/OneDrive/Desktop/GitHub/Codename-PDG/WCPGW/Content/AICitizens/Materials/M_Window_01.uasset" 435
"../../../../../../Users/julia/OneDrive/Desktop/GitHub/Codename-PDG/WCPGW/Content/AICitizens/Meshes/SM_House_02.uasset" 436
"../../../../../../Users/julia/OneDrive/Desktop/GitHub/Codename-PDG/WCPGW/Content/AICitizens/Textures/T_HouseRoof_D_01.uasset" 437
"../../../../../../Users/julia/OneDrive/Desktop/GitHub/Codename-PDG/WCPGW/Content/AICitizens/Materials/M_HouseRoof_01.uasset" 438
"../../../../../../Users/julia/OneDrive/Desktop/GitHub/Codename-PDG/WCPGW/Content/AICitizens/Textures/T_HouseWall_D_02.uasset" 439
"../../../../../../Users/julia/OneDrive/Desktop/GitHub/Codename-PDG/WCPGW/Content/AICitizens/Materials/M_HouseWall_02.uasset" 440
"../../../../../../Users/julia/OneDrive/Desktop/GitHub/Codename-PDG/WCPGW/Content/AICitizens/Meshes/SM_House_03.uasset" 441
"../../../../../../Users/julia/OneDrive/Desktop/GitHub/Codename-PDG/WCPGW/Content/AICitizens/Textures/T_HouseWall_D_03.uasset" 442
"../../../../../../Users/julia/OneDrive/Desktop/GitHub/Codename-PDG/WCPGW/Content/AICitizens/Materials/M_HouseWall_03.uasset" 443
"../../../../../../Users/julia/OneDrive/Desktop/GitHub/Codename-PDG/WCPGW/Content/AICitizens/Meshes/SM_House_04.uasset" 444
"../../../../../../Users/julia/OneDrive/Desktop/GitHub/Codename-PDG/WCPGW/Content/AICitizens/Textures/T_HouseWall_D_04.uasset" 445
"../../../../../../Users/julia/OneDrive/Desktop/GitHub/Codename-PDG/WCPGW/Content/AICitizens/Materials/M_HouseWall_04.uasset" 446
"../../../../../../Users/julia/OneDrive/Desktop/GitHub/Codename-PDG/WCPGW/Content/AICitizens/Meshes/SM_House_05.uasset" 447
"../../../../../../Users/julia/OneDrive/Desktop/GitHub/Codename-PDG/WCPGW/Content/AICitizens/Overview_01.umap" 448
"../../../../../../Users/julia/OneDrive/Desktop/GitHub/Codename-PDG/WCPGW/Content/AICitizens/Blueprints/BP_CrosswalkNavArea_01.uasset" 449
"../../../../../../Users/julia/OneDrive/Desktop/GitHub/Codename-PDG/WCPGW/Content/AICitizens/Textures/T_Crosswalk_D_01.uasset" 450
"../../../../../../Users/julia/OneDrive/Desktop/GitHub/Codename-PDG/WCPGW/Content/AICitizens/Materials/M_Crosswalk_01.uasset" 451
"../../../../../../Users/julia/OneDrive/Desktop/GitHub/Codename-PDG/WCPGW/Content/AICitizens/Blueprints/BP_Crosswalk_01.uasset" 452
"../../../../../../Users/julia/OneDrive/Desktop/GitHub/Codename-PDG/WCPGW/Content/AICitizens/Textures/T_Grass_D_01_01.uasset" 453
"../../../../../../Users/julia/OneDrive/Desktop/GitHub/Codename-PDG/WCPGW/Content/AICitizens/Materials/M_Grass_01_01.uasset" 454
"../../../Engine/Content/BasicShapes/Cube.uasset" 455
"../../../../../../Users/julia/OneDrive/Desktop/GitHub/Codename-PDG/WCPGW/Content/AICitizens/Textures/T_HouseRoof_D_03.uasset" 456
"../../../../../../Users/julia/OneDrive/Desktop/GitHub/Codename-PDG/WCPGW/Content/AICitizens/Materials/M_HouseRoof_03.uasset" 457
"../../../../../../Users/julia/OneDrive/Desktop/GitHub/Codename-PDG/WCPGW/Content/AICitizens/Meshes/SM_House_01.uasset" 458
"../../../../../../Users/julia/OneDrive/Desktop/GitHub/Codename-PDG/WCPGW/Content/AICitizens/Meshes/SM_House_06.uasset" 459
"../../../../../../Users/julia/OneDrive/Desktop/GitHub/Codename-PDG/WCPGW/Content/AICitizens/Textures/T_Pavement_D_01.uasset" 460
"../../../../../../Users/julia/OneDrive/Desktop/GitHub/Codename-PDG/WCPGW/Content/AICitizens/Materials/M_Pavement_01.uasset" 461
"../../../../../../Users/julia/OneDrive/Desktop/GitHub/Codename-PDG/WCPGW/Content/AICitizens/Textures/T_Road_D_01.uasset" 462
"../../../../../../Users/julia/OneDrive/Desktop/GitHub/Codename-PDG/WCPGW/Content/AICitizens/Materials/M_Road_01.uasset" 463
"../../../../../../Users/julia/OneDrive/Desktop/GitHub/Codename-PDG/WCPGW/Content/AICitizens/Meshes/SM_Road_01.uasset" 464
"../../../../../../Users/julia/OneDrive/Desktop/GitHub/Codename-PDG/WCPGW/Content/AICitizens/Meshes/SM_Road_02.uasset" 465
"../../../../../../Users/julia/OneDrive/Desktop/GitHub/Codename-PDG/WCPGW/Content/AICitizens/Meshes/SM_Road_03.uasset" 466
"../../../../../../Users/julia/OneDrive/Desktop/GitHub/Codename-PDG/WCPGW/Content/AICitizens/Meshes/SM_Road_04.uasset" 467
"../../../../../../Users/julia/OneDrive/Desktop/GitHub/Codename-PDG/WCPGW/Content/AICitizens/Overview_02.umap" 468
"../../../../../../Users/julia/OneDrive/Desktop/GitHub/Codename-PDG/WCPGW/Content/SimpleStuff/NewWorld.umap" 469
"../../../Engine/Content/BasicShapes/BasicShapeMaterial.uasset" 470
"../../../../../../Users/julia/OneDrive/Desktop/GitHub/Codename-PDG/WCPGW/Content/SimpleStuff/SimplePeople/Demo/Overview.umap" 471
"../../../../../../Users/julia/OneDrive/Desktop/GitHub/Codename-PDG/WCPGW/Content/SimpleStuff/SimpleTown/Maps/Demonstration_BuiltData.uasset" 472
"../../../../../../Users/julia/OneDrive/Desktop/GitHub/Codename-PDG/WCPGW/Content/SimpleStuff/SimpleTown/Meshes/Buildings/SM_Building_Apartment_Large.uasset" 473
"../../../../../../Users/julia/OneDrive/Desktop/GitHub/Codename-PDG/WCPGW/Content/SimpleStuff/SimpleTown/Meshes/Buildings/SM_Building_Apartment_Small.uasset" 474
"../../../../../../Users/julia/OneDrive/Desktop/GitHub/Codename-PDG/WCPGW/Content/SimpleStuff/SimpleTown/Meshes/Buildings/SM_Building_AutoRepair.uasset" 475
"../../../../../../Users/julia/OneDrive/Desktop/GitHub/Codename-PDG/WCPGW/Content/SimpleStuff/SimpleTown/Meshes/Buildings/SM_Building_BarberShop.uasset" 476
"../../../../../../Users/julia/OneDrive/Desktop/GitHub/Codename-PDG/WCPGW/Content/SimpleStuff/SimpleTown/Meshes/Buildings/SM_Building_Cinema.uasset" 477
"../../../../../../Users/julia/OneDrive/Desktop/GitHub/Codename-PDG/WCPGW/Content/SimpleStuff/SimpleTown/Meshes/Buildings/SM_Building_CoffeeShop.uasset" 478
"../../../../../../Users/julia/OneDrive/Desktop/GitHub/Codename-PDG/WCPGW/Content/SimpleStuff/SimpleTown/Meshes/Buildings/SM_Building_Garage_01.uasset" 479
"../../../../../../Users/julia/OneDrive/Desktop/GitHub/Codename-PDG/WCPGW/Content/SimpleStuff/SimpleTown/Meshes/Buildings/SM_Building_Garage_03.uasset" 480
"../../../../../../Users/julia/OneDrive/Desktop/GitHub/Codename-PDG/WCPGW/Content/SimpleStuff/SimpleTown/Meshes/Buildings/SM_Building_Gym.uasset" 481
"../../../../../../Users/julia/OneDrive/Desktop/GitHub/Codename-PDG/WCPGW/Content/SimpleStuff/SimpleTown/Meshes/Buildings/SM_Building_House_01.uasset" 482
"../../../../../../Users/julia/OneDrive/Desktop/GitHub/Codename-PDG/WCPGW/Content/SimpleStuff/SimpleTown/Meshes/Buildings/SM_Building_House_011.uasset" 483
"../../../../../../Users/julia/OneDrive/Desktop/GitHub/Codename-PDG/WCPGW/Content/SimpleStuff/SimpleTown/Meshes/Buildings/SM_Building_House_012.uasset" 484
"../../../../../../Users/julia/OneDrive/Desktop/GitHub/Codename-PDG/WCPGW/Content/SimpleStuff/SimpleTown/Meshes/Buildings/SM_Building_House_013.uasset" 485
"../../../../../../Users/julia/OneDrive/Desktop/GitHub/Codename-PDG/WCPGW/Content/SimpleStuff/SimpleTown/Meshes/Buildings/SM_Building_House_014.uasset" 486
"../../../../../../Users/julia/OneDrive/Desktop/GitHub/Codename-PDG/WCPGW/Content/SimpleStuff/SimpleTown/Meshes/Buildings/SM_Building_House_02.uasset" 487
"../../../../../../Users/julia/OneDrive/Desktop/GitHub/Codename-PDG/WCPGW/Content/SimpleStuff/SimpleTown/Meshes/Buildings/SM_Building_House_03.uasset" 488
"../../../../../../Users/julia/OneDrive/Desktop/GitHub/Codename-PDG/WCPGW/Content/SimpleStuff/SimpleTown/Meshes/Buildings/SM_Building_House_04.uasset" 489
"../../../../../../Users/julia/OneDrive/Desktop/GitHub/Codename-PDG/WCPGW/Content/SimpleStuff/SimpleTown/Meshes/Buildings/SM_Building_House_05.uasset" 490
"../../../../../../Users/julia/OneDrive/Desktop/GitHub/Codename-PDG/WCPGW/Content/SimpleStuff/SimpleTown/Meshes/Buildings/SM_Building_House_06.uasset" 491
"../../../../../../Users/julia/OneDrive/Desktop/GitHub/Codename-PDG/WCPGW/Content/SimpleStuff/SimpleTown/Meshes/Buildings/SM_Building_House_07.uasset" 492
"../../../../../../Users/julia/OneDrive/Desktop/GitHub/Codename-PDG/WCPGW/Content/SimpleStuff/SimpleTown/Meshes/Buildings/SM_Building_House_08.uasset" 493
"../../../../../../Users/julia/OneDrive/Desktop/GitHub/Codename-PDG/WCPGW/Content/SimpleStuff/SimpleTown/Meshes/Buildings/SM_Building_House_09.uasset" 494
"../../../../../../Users/julia/OneDrive/Desktop/GitHub/Codename-PDG/WCPGW/Content/SimpleStuff/SimpleTown/Meshes/Buildings/SM_Building_Mall.uasset" 495
"../../../../../../Users/julia/OneDrive/Desktop/GitHub/Codename-PDG/WCPGW/Content/SimpleStuff/SimpleTown/Meshes/Buildings/SM_Building_OfficeLarge_Blue.uasset" 496
"../../../../../../Users/julia/OneDrive/Desktop/GitHub/Codename-PDG/WCPGW/Content/SimpleStuff/SimpleTown/Meshes/Buildings/SM_Building_OfficeLarge_Brown.uasset" 497
"../../../../../../Users/julia/OneDrive/Desktop/GitHub/Codename-PDG/WCPGW/Content/SimpleStuff/SimpleTown/Meshes/Buildings/SM_Building_OfficeLarge_Grey.uasset" 498
"../../../../../../Users/julia/OneDrive/Desktop/GitHub/Codename-PDG/WCPGW/Content/SimpleStuff/SimpleTown/Meshes/Buildings/SM_Building_OfficeMedium_Brown.uasset" 499
"../../../../../../Users/julia/OneDrive/Desktop/GitHub/Codename-PDG/WCPGW/Content/SimpleStuff/SimpleTown/Meshes/Buildings/SM_Building_OfficeMedium_Grey.uasset" 500
"../../../../../../Users/julia/OneDrive/Desktop/GitHub/Codename-PDG/WCPGW/Content/SimpleStuff/SimpleTown/Meshes/Buildings/SM_Building_OfficeSmall_Grey.uasset" 501
"../../../../../../Users/julia/OneDrive/Desktop/GitHub/Codename-PDG/WCPGW/Content/SimpleStuff/SimpleTown/Meshes/Buildings/SM_Building_OfficeStepped_Blue.uasset" 502
"../../../../../../Users/julia/OneDrive/Desktop/GitHub/Codename-PDG/WCPGW/Content/SimpleStuff/SimpleTown/Meshes/Buildings/SM_Building_OfficeStepped_Grey.uasset" 503
"../../../../../../Users/julia/OneDrive/Desktop/GitHub/Codename-PDG/WCPGW/Content/SimpleStuff/SimpleTown/Meshes/Buildings/SM_Building_Shop_01.uasset" 504
"../../../../../../Users/julia/OneDrive/Desktop/GitHub/Codename-PDG/WCPGW/Content/SimpleStuff/SimpleTown/Meshes/Buildings/SM_Building_Shop_02.uasset" 505
"../../../../../../Users/julia/OneDrive/Desktop/GitHub/Codename-PDG/WCPGW/Content/SimpleStuff/SimpleTown/Meshes/Buildings/SM_Building_Shop_03.uasset" 506
"../../../../../../Users/julia/OneDrive/Desktop/GitHub/Codename-PDG/WCPGW/Content/SimpleStuff/SimpleTown/Meshes/Buildings/SM_Building_Shop_04.uasset" 507
"../../../../../../Users/julia/OneDrive/Desktop/GitHub/Codename-PDG/WCPGW/Content/SimpleStuff/SimpleTown/Meshes/Buildings/SM_Building_Shop_05.uasset" 508
"../../../../../../Users/julia/OneDrive/Desktop/GitHub/Codename-PDG/WCPGW/Content/SimpleStuff/SimpleTown/Meshes/Buildings/SM_Building_StoreCorner_Drug.uasset" 509
"../../../../../../Users/julia/OneDrive/Desktop/GitHub/Codename-PDG/WCPGW/Content/SimpleStuff/SimpleTown/Meshes/Buildings/SM_Building_StoreCorner_Pawn.uasset" 510
"../../../../../../Users/julia/OneDrive/Desktop/GitHub/Codename-PDG/WCPGW/Content/SimpleStuff/SimpleTown/Meshes/Buildings/SM_Building_StoreCorner_Video.uasset" 511
"../../../../../../Users/julia/OneDrive/Desktop/GitHub/Codename-PDG/WCPGW/Content/SimpleStuff/SimpleTown/Meshes/Buildings/SM_Building_StoreSmall_Drug.uasset" 512
"../../../../../../Users/julia/OneDrive/Desktop/GitHub/Codename-PDG/WCPGW/Content/SimpleStuff/SimpleTown/Meshes/Buildings/SM_Building_StoreSmall_Pawn.uasset" 513
"../../../../../../Users/julia/OneDrive/Desktop/GitHub/Codename-PDG/WCPGW/Content/SimpleStuff/SimpleTown/Meshes/Buildings/SM_Building_StoreSmall_Video.uasset" 514
"../../../../../../Users/julia/OneDrive/Desktop/GitHub/Codename-PDG/WCPGW/Content/SimpleStuff/SimpleTown/Meshes/Buildings/SM_Building_StripClub.uasset" 515
"../../../../../../Users/julia/OneDrive/Desktop/GitHub/Codename-PDG/WCPGW/Content/SimpleStuff/SimpleTown/Meshes/Environment/SM_Env_Beach_Corner.uasset" 516
"../../../../../../Users/julia/OneDrive/Desktop/GitHub/Codename-PDG/WCPGW/Content/SimpleStuff/SimpleTown/Meshes/Environment/SM_Env_Beach_Straight.uasset" 517
"../../../../../../Users/julia/OneDrive/Desktop/GitHub/Codename-PDG/WCPGW/Content/SimpleStuff/SimpleTown/Meshes/Environment/SM_Env_Canal_End.uasset" 518
"../../../../../../Users/julia/OneDrive/Desktop/GitHub/Codename-PDG/WCPGW/Content/SimpleStuff/SimpleTown/Meshes/Environment/SM_Env_Canal_Pipe_01.uasset" 519
"../../../../../../Users/julia/OneDrive/Desktop/GitHub/Codename-PDG/WCPGW/Content/SimpleStuff/SimpleTown/Meshes/Environment/SM_Env_Canal_Straight.uasset" 520
"../../../../../../Users/julia/OneDrive/Desktop/GitHub/Codename-PDG/WCPGW/Content/SimpleStuff/SimpleTown/Meshes/Environment/SM_Env_Car_Bridge_02.uasset" 521
"../../../../../../Users/julia/OneDrive/Desktop/GitHub/Codename-PDG/WCPGW/Content/SimpleStuff/SimpleTown/Meshes/Environment/SM_Env_Foot_Bridge.uasset" 522
"../../../../../../Users/julia/OneDrive/Desktop/GitHub/Codename-PDG/WCPGW/Content/SimpleStuff/SimpleTown/Meshes/Environment/SM_Env_grass_square.uasset" 523
"../../../../../../Users/julia/OneDrive/Desktop/GitHub/Codename-PDG/WCPGW/Content/SimpleStuff/SimpleTown/Meshes/Environment/SM_Env_Jetty.uasset" 524
"../../../../../../Users/julia/OneDrive/Desktop/GitHub/Codename-PDG/WCPGW/Content/SimpleStuff/SimpleTown/Meshes/Environment/SM_Env_Path_Driveway.uasset" 525
"../../../../../../Users/julia/OneDrive/Desktop/GitHub/Codename-PDG/WCPGW/Content/SimpleStuff/SimpleTown/Meshes/Environment/SM_Env_Path_Straight.uasset" 526
"../../../../../../Users/julia/OneDrive/Desktop/GitHub/Codename-PDG/WCPGW/Content/SimpleStuff/SimpleTown/Meshes/Environment/SM_Env_Planter.uasset" 527
"../../../../../../Users/julia/OneDrive/Desktop/GitHub/Codename-PDG/WCPGW/Content/SimpleStuff/SimpleTown/Meshes/Environment/SM_Env_Road_Bend_Left.uasset" 528
"../../../../../../Users/julia/OneDrive/Desktop/GitHub/Codename-PDG/WCPGW/Content/SimpleStuff/SimpleTown/Meshes/Environment/SM_Env_Road_Bend_Right.uasset" 529
"../../../../../../Users/julia/OneDrive/Desktop/GitHub/Codename-PDG/WCPGW/Content/SimpleStuff/SimpleTown/Meshes/Environment/SM_Env_Road_Bridge_Corner.uasset" 530
"../../../../../../Users/julia/OneDrive/Desktop/GitHub/Codename-PDG/WCPGW/Content/SimpleStuff/SimpleTown/Meshes/Environment/SM_Env_Road_Bridge_Ramp_Pillar.uasset" 531
"../../../../../../Users/julia/OneDrive/Desktop/GitHub/Codename-PDG/WCPGW/Content/SimpleStuff/SimpleTown/Meshes/Environment/SM_Env_Road_Bridge_Ramp_Straight.uasset" 532
"../../../../../../Users/julia/OneDrive/Desktop/GitHub/Codename-PDG/WCPGW/Content/SimpleStuff/SimpleTown/Meshes/Environment/SM_Env_Road_Brigde_Ramp.uasset" 533
"../../../../../../Users/julia/OneDrive/Desktop/GitHub/Codename-PDG/WCPGW/Content/SimpleStuff/SimpleTown/Meshes/Environment/SM_Env_Road_Corner.uasset" 534
"../../../../../../Users/julia/OneDrive/Desktop/GitHub/Codename-PDG/WCPGW/Content/SimpleStuff/SimpleTown/Meshes/Environment/SM_Env_Road_CornerLines.uasset" 535
"../../../../../../Users/julia/OneDrive/Desktop/GitHub/Codename-PDG/WCPGW/Content/SimpleStuff/SimpleTown/Meshes/Environment/SM_Env_Road_LaneTransition_Left.uasset" 536
"../../../../../../Users/julia/OneDrive/Desktop/GitHub/Codename-PDG/WCPGW/Content/SimpleStuff/SimpleTown/Meshes/Environment/SM_Env_Road_LaneTransition_Right.uasset" 537
"../../../../../../Users/julia/OneDrive/Desktop/GitHub/Codename-PDG/WCPGW/Content/SimpleStuff/SimpleTown/Meshes/Environment/SM_Env_Road_Roundabout.uasset" 538
"../../../../../../Users/julia/OneDrive/Desktop/GitHub/Codename-PDG/WCPGW/Content/SimpleStuff/SimpleTown/Meshes/Environment/SM_Env_Road_Square.uasset" 539
"../../../../../../Users/julia/OneDrive/Desktop/GitHub/Codename-PDG/WCPGW/Content/SimpleStuff/SimpleTown/Meshes/Environment/SM_Env_Road_Straight.uasset" 540
"../../../../../../Users/julia/OneDrive/Desktop/GitHub/Codename-PDG/WCPGW/Content/SimpleStuff/SimpleTown/Meshes/Environment/SM_Env_Road_Straight_clear.uasset" 541
"../../../../../../Users/julia/OneDrive/Desktop/GitHub/Codename-PDG/WCPGW/Content/SimpleStuff/SimpleTown/Meshes/Environment/SM_Env_Road_T.uasset" 542
"../../../../../../Users/julia/OneDrive/Desktop/GitHub/Codename-PDG/WCPGW/Content/SimpleStuff/SimpleTown/Meshes/Environment/SM_Env_RoadLane_Straight.uasset" 543
"../../../../../../Users/julia/OneDrive/Desktop/GitHub/Codename-PDG/WCPGW/Content/SimpleStuff/SimpleTown/Meshes/Environment/SM_Env_Rocks_01.uasset" 544
"../../../../../../Users/julia/OneDrive/Desktop/GitHub/Codename-PDG/WCPGW/Content/SimpleStuff/SimpleTown/Meshes/Environment/SM_Env_Rocks_02.uasset" 545
"../../../../../../Users/julia/OneDrive/Desktop/GitHub/Codename-PDG/WCPGW/Content/SimpleStuff/SimpleTown/Meshes/Environment/SM_Env_Rocks_03.uasset" 546
"../../../../../../Users/julia/OneDrive/Desktop/GitHub/Codename-PDG/WCPGW/Content/SimpleStuff/SimpleTown/Meshes/Environment/SM_Env_Seawall_Corner_01.uasset" 547
"../../../../../../Users/julia/OneDrive/Desktop/GitHub/Codename-PDG/WCPGW/Content/SimpleStuff/SimpleTown/Meshes/Environment/SM_Env_Seawall_Corner_02.uasset" 548
"../../../../../../Users/julia/OneDrive/Desktop/GitHub/Codename-PDG/WCPGW/Content/SimpleStuff/SimpleTown/Meshes/Environment/SM_Env_Seawall_Corner_03.uasset" 549
"../../../../../../Users/julia/OneDrive/Desktop/GitHub/Codename-PDG/WCPGW/Content/SimpleStuff/SimpleTown/Meshes/Environment/SM_Env_Seawall_Straight.uasset" 550
"../../../../../../Users/julia/OneDrive/Desktop/GitHub/Codename-PDG/WCPGW/Content/SimpleStuff/SimpleTown/Meshes/Environment/SM_Env_Seawall_Wall.uasset" 551
"../../../../../../Users/julia/OneDrive/Desktop/GitHub/Codename-PDG/WCPGW/Content/SimpleStuff/SimpleTown/Meshes/Environment/SM_Env_Water_Tile.uasset" 552
"../../../../../../Users/julia/OneDrive/Desktop/GitHub/Codename-PDG/WCPGW/Content/SimpleStuff/SimpleTown/Meshes/Props/SM_Prop_ariel.uasset" 553
"../../../../../../Users/julia/OneDrive/Desktop/GitHub/Codename-PDG/WCPGW/Content/SimpleStuff/SimpleTown/Meshes/Props/SM_Prop_Beachseat_01.uasset" 554
"../../../../../../Users/julia/OneDrive/Desktop/GitHub/Codename-PDG/WCPGW/Content/SimpleStuff/SimpleTown/Meshes/Props/SM_Prop_Beachseat_02.uasset" 555
"../../../../../../Users/julia/OneDrive/Desktop/GitHub/Codename-PDG/WCPGW/Content/SimpleStuff/SimpleTown/Meshes/Props/SM_Prop_Beachseat_03.uasset" 556
"../../../../../../Users/julia/OneDrive/Desktop/GitHub/Codename-PDG/WCPGW/Content/SimpleStuff/SimpleTown/Meshes/Props/SM_Prop_billboard_01.uasset" 557
"../../../../../../Users/julia/OneDrive/Desktop/GitHub/Codename-PDG/WCPGW/Content/SimpleStuff/SimpleTown/Meshes/Props/SM_Prop_billboard_02.uasset" 558
"../../../../../../Users/julia/OneDrive/Desktop/GitHub/Codename-PDG/WCPGW/Content/SimpleStuff/SimpleTown/Meshes/Props/SM_Prop_Buoy_01.uasset" 559
"../../../../../../Users/julia/OneDrive/Desktop/GitHub/Codename-PDG/WCPGW/Content/SimpleStuff/SimpleTown/Meshes/Props/SM_Prop_bush_large.uasset" 560
"../../../../../../Users/julia/OneDrive/Desktop/GitHub/Codename-PDG/WCPGW/Content/SimpleStuff/SimpleTown/Meshes/Props/SM_Prop_bush_small.uasset" 561
"../../../../../../Users/julia/OneDrive/Desktop/GitHub/Codename-PDG/WCPGW/Content/SimpleStuff/SimpleTown/Meshes/Props/SM_Prop_Dish.uasset" 562
"../../../../../../Users/julia/OneDrive/Desktop/GitHub/Codename-PDG/WCPGW/Content/SimpleStuff/SimpleTown/Meshes/Props/SM_Prop_Dumpster.uasset" 563
"../../../../../../Users/julia/OneDrive/Desktop/GitHub/Codename-PDG/WCPGW/Content/SimpleStuff/SimpleTown/Meshes/Props/SM_Prop_fence_long.uasset" 564
"../../../../../../Users/julia/OneDrive/Desktop/GitHub/Codename-PDG/WCPGW/Content/SimpleStuff/SimpleTown/Meshes/Props/SM_Prop_fence_long_spike.uasset" 565
"../../../../../../Users/julia/OneDrive/Desktop/GitHub/Codename-PDG/WCPGW/Content/SimpleStuff/SimpleTown/Meshes/Props/SM_Prop_fence_short.uasset" 566
"../../../../../../Users/julia/OneDrive/Desktop/GitHub/Codename-PDG/WCPGW/Content/SimpleStuff/SimpleTown/Meshes/Props/SM_Prop_fence_short_spike.uasset" 567
"../../../../../../Users/julia/OneDrive/Desktop/GitHub/Codename-PDG/WCPGW/Content/SimpleStuff/SimpleTown/Meshes/Props/SM_Prop_flower.uasset" 568
"../../../../../../Users/julia/OneDrive/Desktop/GitHub/Codename-PDG/WCPGW/Content/SimpleStuff/SimpleTown/Meshes/Props/SM_Prop_hedge.uasset" 569
"../../../../../../Users/julia/OneDrive/Desktop/GitHub/Codename-PDG/WCPGW/Content/SimpleStuff/SimpleTown/Meshes/Props/SM_Prop_hydrant.uasset" 570
"../../../../../../Users/julia/OneDrive/Desktop/GitHub/Codename-PDG/WCPGW/Content/SimpleStuff/SimpleTown/Meshes/Props/SM_Prop_lamp.uasset" 571
"../../../../../../Users/julia/OneDrive/Desktop/GitHub/Codename-PDG/WCPGW/Content/SimpleStuff/SimpleTown/Meshes/Props/SM_Prop_memorial.uasset" 572
"../../../../../../Users/julia/OneDrive/Desktop/GitHub/Codename-PDG/WCPGW/Content/SimpleStuff/SimpleTown/Meshes/Props/SM_Prop_Road_divider.uasset" 573
"../../../../../../Users/julia/OneDrive/Desktop/GitHub/Codename-PDG/WCPGW/Content/SimpleStuff/SimpleTown/Meshes/Props/SM_Prop_Roadsign_01.uasset" 574
"../../../../../../Users/julia/OneDrive/Desktop/GitHub/Codename-PDG/WCPGW/Content/SimpleStuff/SimpleTown/Meshes/Props/SM_Prop_Roadsign_02.uasset" 575
"../../../../../../Users/julia/OneDrive/Desktop/GitHub/Codename-PDG/WCPGW/Content/SimpleStuff/SimpleTown/Meshes/Props/SM_Prop_Roadsign_03.uasset" 576
"../../../../../../Users/julia/OneDrive/Desktop/GitHub/Codename-PDG/WCPGW/Content/SimpleStuff/SimpleTown/Meshes/Props/SM_Prop_TirePile.uasset" 577
"../../../../../../Users/julia/OneDrive/Desktop/GitHub/Codename-PDG/WCPGW/Content/SimpleStuff/SimpleTown/Meshes/Props/SM_Prop_traffic_light.uasset" 578
"../../../../../../Users/julia/OneDrive/Desktop/GitHub/Codename-PDG/WCPGW/Content/SimpleStuff/SimpleTown/Meshes/Props/SM_Prop_trashbin_01.uasset" 579
"../../../../../../Users/julia/OneDrive/Desktop/GitHub/Codename-PDG/WCPGW/Content/SimpleStuff/SimpleTown/Meshes/Props/SM_Prop_trashbin_02.uasset" 580
"../../../../../../Users/julia/OneDrive/Desktop/GitHub/Codename-PDG/WCPGW/Content/SimpleStuff/SimpleTown/Meshes/Props/SM_Prop_Tree_01.uasset" 581
"../../../../../../Users/julia/OneDrive/Desktop/GitHub/Codename-PDG/WCPGW/Content/SimpleStuff/SimpleTown/Meshes/Props/SM_Prop_Tree_02.uasset" 582
"../../../../../../Users/julia/OneDrive/Desktop/GitHub/Codename-PDG/WCPGW/Content/SimpleStuff/SimpleTown/Meshes/Props/SM_Prop_Tree_large.uasset" 583
"../../../../../../Users/julia/OneDrive/Desktop/GitHub/Codename-PDG/WCPGW/Content/SimpleStuff/SimpleTown/Meshes/Props/SM_Prop_Tree_medium.uasset" 584
"../../../../../../Users/julia/OneDrive/Desktop/GitHub/Codename-PDG/WCPGW/Content/SimpleStuff/SimpleTown/Meshes/Props/SM_Prop_Tree_small.uasset" 585
"../../../../../../Users/julia/OneDrive/Desktop/GitHub/Codename-PDG/WCPGW/Content/SimpleStuff/SimpleTown/Meshes/Props/SM_Prop_Umbrella_01.uasset" 586
"../../../../../../Users/julia/OneDrive/Desktop/GitHub/Codename-PDG/WCPGW/Content/SimpleStuff/SimpleTown/Meshes/Props/SM_Prop_Umbrella_02.uasset" 587
"../../../../../../Users/julia/OneDrive/Desktop/GitHub/Codename-PDG/WCPGW/Content/SimpleStuff/SimpleTown/Meshes/Props/SM_Prop_Umbrella_03.uasset" 588
"../../../../../../Users/julia/OneDrive/Desktop/GitHub/Codename-PDG/WCPGW/Content/SimpleStuff/SimpleTown/Meshes/Vehicles_Static/SM_Veh_Boat_01.uasset" 589
"../../../../../../Users/julia/OneDrive/Desktop/GitHub/Codename-PDG/WCPGW/Content/SimpleStuff/SimpleTown/Meshes/Vehicles_Static/SM_Veh_Boat_02.uasset" 590
"../../../../../../Users/julia/OneDrive/Desktop/GitHub/Codename-PDG/WCPGW/Content/SimpleStuff/SimpleTown/Meshes/Vehicles_Static/SM_Veh_Boat_03.uasset" 591
"../../../../../../Users/julia/OneDrive/Desktop/GitHub/Codename-PDG/WCPGW/Content/SimpleStuff/SimpleTown/Meshes/Vehicles_Updated/SM_Veh_Bus_Blue_PhysicsAsset.uasset" 592
"../../../../../../Users/julia/OneDrive/Desktop/GitHub/Codename-PDG/WCPGW/Content/SimpleStuff/SimpleTown/Meshes/Vehicles_Updated/SM_Veh_Bus_Blue_Skeleton.uasset" 593
"../../../../../../Users/julia/OneDrive/Desktop/GitHub/Codename-PDG/WCPGW/Content/SimpleStuff/SimpleTown/Meshes/Vehicles_Updated/SM_Veh_Bus_Blue.uasset" 594
"../../../../../../Users/julia/OneDrive/Desktop/GitHub/Codename-PDG/WCPGW/Content/SimpleStuff/SimpleTown/Meshes/Vehicles_Updated/SM_Veh_Bus_Brown_PhysicsAsset.uasset" 595
"../../../../../../Users/julia/OneDrive/Desktop/GitHub/Codename-PDG/WCPGW/Content/SimpleStuff/SimpleTown/Meshes/Vehicles_Updated/SM_Veh_Bus_Brown_Skeleton.uasset" 596
"../../../../../../Users/julia/OneDrive/Desktop/GitHub/Codename-PDG/WCPGW/Content/SimpleStuff/SimpleTown/Meshes/Vehicles_Updated/SM_Veh_Bus_Brown.uasset" 597
"../../../../../../Users/julia/OneDrive/Desktop/GitHub/Codename-PDG/WCPGW/Content/SimpleStuff/SimpleTown/Meshes/Vehicles_Updated/SM_Veh_Bus_Grey_PhysicsAsset.uasset" 598
"../../../../../../Users/julia/OneDrive/Desktop/GitHub/Codename-PDG/WCPGW/Content/SimpleStuff/SimpleTown/Meshes/Vehicles_Updated/SM_Veh_Bus_Grey_Skeleton.uasset" 599
"../../../../../../Users/julia/OneDrive/Desktop/GitHub/Codename-PDG/WCPGW/Content/SimpleStuff/SimpleTown/Meshes/Vehicles_Updated/SM_Veh_Bus_Grey.uasset" 600
"../../../../../../Users/julia/OneDrive/Desktop/GitHub/Codename-PDG/WCPGW/Content/SimpleStuff/SimpleTown/Meshes/Vehicles_Updated/SM_Veh_Car_Blue_PhysicsAsset.uasset" 601
"../../../../../../Users/julia/OneDrive/Desktop/GitHub/Codename-PDG/WCPGW/Content/SimpleStuff/SimpleTown/Meshes/Vehicles_Updated/SM_Veh_Car_Blue_Skeleton.uasset" 602
"../../../../../../Users/julia/OneDrive/Desktop/GitHub/Codename-PDG/WCPGW/Content/SimpleStuff/SimpleTown/Meshes/Vehicles_Updated/SM_Veh_Car_Blue.uasset" 603
"../../../../../../Users/julia/OneDrive/Desktop/GitHub/Codename-PDG/WCPGW/Content/SimpleStuff/SimpleTown/Meshes/Vehicles_Updated/SM_Veh_Car_Green_PhysicsAsset.uasset" 604
"../../../../../../Users/julia/OneDrive/Desktop/GitHub/Codename-PDG/WCPGW/Content/SimpleStuff/SimpleTown/Meshes/Vehicles_Updated/SM_Veh_Car_Green_Skeleton.uasset" 605
"../../../../../../Users/julia/OneDrive/Desktop/GitHub/Codename-PDG/WCPGW/Content/SimpleStuff/SimpleTown/Meshes/Vehicles_Updated/SM_Veh_Car_Green.uasset" 606
"../../../../../../Users/julia/OneDrive/Desktop/GitHub/Codename-PDG/WCPGW/Content/SimpleStuff/SimpleTown/Meshes/Vehicles_Updated/SM_Veh_Car_Red_PhysicsAsset.uasset" 607
"../../../../../../Users/julia/OneDrive/Desktop/GitHub/Codename-PDG/WCPGW/Content/SimpleStuff/SimpleTown/Meshes/Vehicles_Updated/SM_Veh_Car_Red_Skeleton.uasset" 608
"../../../../../../Users/julia/OneDrive/Desktop/GitHub/Codename-PDG/WCPGW/Content/SimpleStuff/SimpleTown/Meshes/Vehicles_Updated/SM_Veh_Car_Red.uasset" 609
"../../../../../../Users/julia/OneDrive/Desktop/GitHub/Codename-PDG/WCPGW/Content/SimpleStuff/SimpleTown/Meshes/Vehicles_Updated/SM_Veh_Cop_PhysicsAsset.uasset" 610
"../../../../../../Users/julia/OneDrive/Desktop/GitHub/Codename-PDG/WCPGW/Content/SimpleStuff/SimpleTown/Meshes/Vehicles_Updated/SM_Veh_Cop_Skeleton.uasset" 611
"../../../../../../Users/julia/OneDrive/Desktop/GitHub/Codename-PDG/WCPGW/Content/SimpleStuff/SimpleTown/Meshes/Vehicles_Updated/SM_Veh_Cop.uasset" 612
"../../../../../../Users/julia/OneDrive/Desktop/GitHub/Codename-PDG/WCPGW/Content/SimpleStuff/SimpleTown/Meshes/Vehicles_Updated/SM_Veh_Fire_Truck_PhysicsAsset.uasset" 613
"../../../../../../Users/julia/OneDrive/Desktop/GitHub/Codename-PDG/WCPGW/Content/SimpleStuff/SimpleTown/Meshes/Vehicles_Updated/SM_Veh_Fire_Truck_Skeleton.uasset" 614
"../../../../../../Users/julia/OneDrive/Desktop/GitHub/Codename-PDG/WCPGW/Content/SimpleStuff/SimpleTown/Meshes/Vehicles_Updated/SM_Veh_Fire_Truck.uasset" 615
"../../../../../../Users/julia/OneDrive/Desktop/GitHub/Codename-PDG/WCPGW/Content/SimpleStuff/SimpleTown/Meshes/Vehicles_Updated/SM_Veh_Rubbish_Truck_PhysicsAsset.uasset" 616
"../../../../../../Users/julia/OneDrive/Desktop/GitHub/Codename-PDG/WCPGW/Content/SimpleStuff/SimpleTown/Meshes/Vehicles_Updated/SM_Veh_Rubbish_Truck_Skeleton.uasset" 617
"../../../../../../Users/julia/OneDrive/Desktop/GitHub/Codename-PDG/WCPGW/Content/SimpleStuff/SimpleTown/Meshes/Vehicles_Updated/SM_Veh_Rubbish_Truck.uasset" 618
"../../../../../../Users/julia/OneDrive/Desktop/GitHub/Codename-PDG/WCPGW/Content/SimpleStuff/SimpleTown/Meshes/Vehicles_Updated/SM_Veh_Taxi_PhysicsAsset.uasset" 619
"../../../../../../Users/julia/OneDrive/Desktop/GitHub/Codename-PDG/WCPGW/Content/SimpleStuff/SimpleTown/Meshes/Vehicles_Updated/SM_Veh_Taxi_Skeleton.uasset" 620
"../../../../../../Users/julia/OneDrive/Desktop/GitHub/Codename-PDG/WCPGW/Content/SimpleStuff/SimpleTown/Meshes/Vehicles_Updated/SM_Veh_Taxi.uasset" 621
"../../../../../../Users/julia/OneDrive/Desktop/GitHub/Codename-PDG/WCPGW/Content/SimpleStuff/SimpleTown/Meshes/Vehicles_Updated/SM_Veh_Ute_Blue_Empty_PhysicsAsset.uasset" 622
"../../../../../../Users/julia/OneDrive/Desktop/GitHub/Codename-PDG/WCPGW/Content/SimpleStuff/SimpleTown/Meshes/Vehicles_Updated/SM_Veh_Ute_Blue_Empty_Skeleton.uasset" 623
"../../../../../../Users/julia/OneDrive/Desktop/GitHub/Codename-PDG/WCPGW/Content/SimpleStuff/SimpleTown/Meshes/Vehicles_Updated/SM_Veh_Ute_Blue_Empty.uasset" 624
"../../../../../../Users/julia/OneDrive/Desktop/GitHub/Codename-PDG/WCPGW/Content/SimpleStuff/SimpleTown/Meshes/Vehicles_Updated/SM_Veh_Ute_Red_PhysicsAsset.uasset" 625
"../../../../../../Users/julia/OneDrive/Desktop/GitHub/Codename-PDG/WCPGW/Content/SimpleStuff/SimpleTown/Meshes/Vehicles_Updated/SM_Veh_Ute_Red_Skeleton.uasset" 626
"../../../../../../Users/julia/OneDrive/Desktop/GitHub/Codename-PDG/WCPGW/Content/SimpleStuff/SimpleTown/Meshes/Vehicles_Updated/SM_Veh_Ute_Red.uasset" 627
"../../../../../../Users/julia/OneDrive/Desktop/GitHub/Codename-PDG/WCPGW/Content/SimpleStuff/SimpleTown/Meshes/Vehicles_Updated/SM_Veh_Ute_Yellow_PhysicsAsset.uasset" 628
"../../../../../../Users/julia/OneDrive/Desktop/GitHub/Codename-PDG/WCPGW/Content/SimpleStuff/SimpleTown/Meshes/Vehicles_Updated/SM_Veh_Ute_Yellow_Skeleton.uasset" 629
"../../../../../../Users/julia/OneDrive/Desktop/GitHub/Codename-PDG/WCPGW/Content/SimpleStuff/SimpleTown/Meshes/Vehicles_Updated/SM_Veh_Ute_Yellow.uasset" 630
"../../../../../../Users/julia/OneDrive/Desktop/GitHub/Codename-PDG/WCPGW/Content/SimpleStuff/SimpleTown/Meshes/Vehicles_Updated/SM_Veh_Ute_Yellow_Empty_PhysicsAsset.uasset" 631
"../../../../../../Users/julia/OneDrive/Desktop/GitHub/Codename-PDG/WCPGW/Content/SimpleStuff/SimpleTown/Meshes/Vehicles_Updated/SM_Veh_Ute_Yellow_Empty_Skeleton.uasset" 632
"../../../../../../Users/julia/OneDrive/Desktop/GitHub/Codename-PDG/WCPGW/Content/SimpleStuff/SimpleTown/Meshes/Vehicles_Updated/SM_Veh_Ute_Yellow_Empty.uasset" 633
"../../../../../../Users/julia/OneDrive/Desktop/GitHub/Codename-PDG/WCPGW/Content/SimpleStuff/SimpleTown/Meshes/Vehicles_Updated/SM_Veh_Van_Blue_PhysicsAsset.uasset" 634
"../../../../../../Users/julia/OneDrive/Desktop/GitHub/Codename-PDG/WCPGW/Content/SimpleStuff/SimpleTown/Meshes/Vehicles_Updated/SM_Veh_Van_Blue_Skeleton.uasset" 635
"../../../../../../Users/julia/OneDrive/Desktop/GitHub/Codename-PDG/WCPGW/Content/SimpleStuff/SimpleTown/Meshes/Vehicles_Updated/SM_Veh_Van_Blue.uasset" 636
"../../../../../../Users/julia/OneDrive/Desktop/GitHub/Codename-PDG/WCPGW/Content/SimpleStuff/SimpleTown/Meshes/Vehicles_Updated/SM_Veh_Van_Green_PhysicsAsset.uasset" 637
"../../../../../../Users/julia/OneDrive/Desktop/GitHub/Codename-PDG/WCPGW/Content/SimpleStuff/SimpleTown/Meshes/Vehicles_Updated/SM_Veh_Van_Green_Skeleton.uasset" 638
"../../../../../../Users/julia/OneDrive/Desktop/GitHub/Codename-PDG/WCPGW/Content/SimpleStuff/SimpleTown/Meshes/Vehicles_Updated/SM_Veh_Van_Green.uasset" 639
"../../../../../../Users/julia/OneDrive/Desktop/GitHub/Codename-PDG/WCPGW/Content/SimpleStuff/SimpleTown/Meshes/Vehicles_Updated/SM_Veh_Van_Red_PhysicsAsset.uasset" 640
"../../../../../../Users/julia/OneDrive/Desktop/GitHub/Codename-PDG/WCPGW/Content/SimpleStuff/SimpleTown/Meshes/Vehicles_Updated/SM_Veh_Van_Red_Skeleton.uasset" 641
"../../../../../../Users/julia/OneDrive/Desktop/GitHub/Codename-PDG/WCPGW/Content/SimpleStuff/SimpleTown/Meshes/Vehicles_Updated/SM_Veh_Van_Red.uasset" 642
"../../../../../../Users/julia/OneDrive/Desktop/GitHub/Codename-PDG/WCPGW/Content/SimpleStuff/SimpleTown/Maps/Demonstration.umap" 643
"../../../../../../Users/julia/OneDrive/Desktop/GitHub/Codename-PDG/WCPGW/Content/SimpleStuff/SimpleTown/Maps/Overview_BuiltData.uasset" 644
"../../../../../../Users/julia/OneDrive/Desktop/GitHub/Codename-PDG/WCPGW/Content/SimpleStuff/SimpleTown/Meshes/Buildings/SM_Building_Garage_02.uasset" 645
"../../../../../../Users/julia/OneDrive/Desktop/GitHub/Codename-PDG/WCPGW/Content/SimpleStuff/SimpleTown/Meshes/Buildings/SM_Building_House_010.uasset" 646
"../../../../../../Users/julia/OneDrive/Desktop/GitHub/Codename-PDG/WCPGW/Content/SimpleStuff/SimpleTown/Meshes/Buildings/SM_Building_House_015.uasset" 647
"../../../../../../Users/julia/OneDrive/Desktop/GitHub/Codename-PDG/WCPGW/Content/SimpleStuff/SimpleTown/Meshes/Buildings/SM_Building_OfficeMeduim_Blue.uasset" 648
"../../../../../../Users/julia/OneDrive/Desktop/GitHub/Codename-PDG/WCPGW/Content/SimpleStuff/SimpleTown/Meshes/Buildings/SM_Building_OfficeSmall_Blue.uasset" 649
"../../../../../../Users/julia/OneDrive/Desktop/GitHub/Codename-PDG/WCPGW/Content/SimpleStuff/SimpleTown/Meshes/Buildings/SM_Building_OfficeSmall_Brown.uasset" 650
"../../../../../../Users/julia/OneDrive/Desktop/GitHub/Codename-PDG/WCPGW/Content/SimpleStuff/SimpleTown/Meshes/Buildings/SM_Building_OfficeStepped_Brown.uasset" 651
"../../../../../../Users/julia/OneDrive/Desktop/GitHub/Codename-PDG/WCPGW/Content/SimpleStuff/SimpleTown/Meshes/Buildings/SM_Building_PetrolStation.uasset" 652
"../../../../../../Users/julia/OneDrive/Desktop/GitHub/Codename-PDG/WCPGW/Content/SimpleStuff/SimpleTown/Meshes/Buildings/SM_Building_PoliceStation.uasset" 653
"../../../../../../Users/julia/OneDrive/Desktop/GitHub/Codename-PDG/WCPGW/Content/SimpleStuff/SimpleTown/Meshes/Buildings/SM_Building_Shop_06.uasset" 654
"../../../../../../Users/julia/OneDrive/Desktop/GitHub/Codename-PDG/WCPGW/Content/SimpleStuff/SimpleTown/Meshes/Buildings/SM_Building_TownHall.uasset" 655
"../../../../../../Users/julia/OneDrive/Desktop/GitHub/Codename-PDG/WCPGW/Content/SimpleStuff/SimpleTown/Meshes/Environment/SM_Env_Beach_Short.uasset" 656
"../../../../../../Users/julia/OneDrive/Desktop/GitHub/Codename-PDG/WCPGW/Content/SimpleStuff/SimpleTown/Meshes/Environment/SM_Env_Canal_Corner_01.uasset" 657
"../../../../../../Users/julia/OneDrive/Desktop/GitHub/Codename-PDG/WCPGW/Content/SimpleStuff/SimpleTown/Meshes/Environment/SM_Env_Canal_Corner_02.uasset" 658
"../../../../../../Users/julia/OneDrive/Desktop/GitHub/Codename-PDG/WCPGW/Content/SimpleStuff/SimpleTown/Meshes/Environment/SM_Env_Canal_Corner_03.uasset" 659
"../../../../../../Users/julia/OneDrive/Desktop/GitHub/Codename-PDG/WCPGW/Content/SimpleStuff/SimpleTown/Meshes/Environment/SM_Env_Canal_Pipe_02.uasset" 660
"../../../../../../Users/julia/OneDrive/Desktop/GitHub/Codename-PDG/WCPGW/Content/SimpleStuff/SimpleTown/Meshes/Environment/SM_Env_Car_Bridge.uasset" 661
"../../../../../../Users/julia/OneDrive/Desktop/GitHub/Codename-PDG/WCPGW/Content/SimpleStuff/SimpleTown/Meshes/Environment/SM_Env_Path_Cross_mesh.uasset" 662
"../../../../../../Users/julia/OneDrive/Desktop/GitHub/Codename-PDG/WCPGW/Content/SimpleStuff/SimpleTown/Meshes/Environment/SM_Env_Road_Crossing.uasset" 663
"../../../../../../Users/julia/OneDrive/Desktop/GitHub/Codename-PDG/WCPGW/Content/SimpleStuff/SimpleTown/Meshes/Environment/SM_Env_RoadLane_NoLines_straight.uasset" 664
"../../../../../../Users/julia/OneDrive/Desktop/GitHub/Codename-PDG/WCPGW/Content/SimpleStuff/SimpleTown/Meshes/Props/SM_Prop_Buoy_02.uasset" 665
"../../../../../../Users/julia/OneDrive/Desktop/GitHub/Codename-PDG/WCPGW/Content/SimpleStuff/SimpleTown/Meshes/Props/SM_Prop_grave_large.uasset" 666
"../../../../../../Users/julia/OneDrive/Desktop/GitHub/Codename-PDG/WCPGW/Content/SimpleStuff/SimpleTown/Meshes/Props/SM_Prop_grave_medium.uasset" 667
"../../../../../../Users/julia/OneDrive/Desktop/GitHub/Codename-PDG/WCPGW/Content/SimpleStuff/SimpleTown/Meshes/Props/SM_Prop_grave_small.uasset" 668
"../../../../../../Users/julia/OneDrive/Desktop/GitHub/Codename-PDG/WCPGW/Content/SimpleStuff/SimpleTown/Meshes/Props/SM_Prop_pipe.uasset" 669
"../../../../../../Users/julia/OneDrive/Desktop/GitHub/Codename-PDG/WCPGW/Content/SimpleStuff/SimpleTown/Meshes/Vehicles_Updated/SM_Veh_Ute_Blue_PhysicsAsset.uasset" 670
"../../../../../../Users/julia/OneDrive/Desktop/GitHub/Codename-PDG/WCPGW/Content/SimpleStuff/SimpleTown/Meshes/Vehicles_Updated/SM_Veh_Ute_Blue_Skeleton.uasset" 671
"../../../../../../Users/julia/OneDrive/Desktop/GitHub/Codename-PDG/WCPGW/Content/SimpleStuff/SimpleTown/Meshes/Vehicles_Updated/SM_Veh_Ute_Blue.uasset" 672
"../../../../../../Users/julia/OneDrive/Desktop/GitHub/Codename-PDG/WCPGW/Content/SimpleStuff/SimpleTown/Meshes/Vehicles_Updated/SM_Veh_Ute_Red_Empty_PhysicsAsset.uasset" 673
"../../../../../../Users/julia/OneDrive/Desktop/GitHub/Codename-PDG/WCPGW/Content/SimpleStuff/SimpleTown/Meshes/Vehicles_Updated/SM_Veh_Ute_Red_Empty_Skeleton.uasset" 674
"../../../../../../Users/julia/OneDrive/Desktop/GitHub/Codename-PDG/WCPGW/Content/SimpleStuff/SimpleTown/Meshes/Vehicles_Updated/SM_Veh_Ute_Red_Empty.uasset" 675
"../../../../../../Users/julia/OneDrive/Desktop/GitHub/Codename-PDG/WCPGW/Content/SimpleStuff/SimpleTown/Maps/Overview.umap" 676
"../../../Engine/Content/Functions/Engine_MaterialFunctions01/Texturing/ScaleUVsByCenter.uasset" 677
"../../../Engine/Content/Functions/Engine_MaterialFunctions02/ScreenResolution.uasset" 678
"../../../Engine/Content/Functions/Engine_MaterialFunctions02/Texturing/ScreenAlignedUVs.uasset" 679
"../../../Engine/Content/Functions/Engine_MaterialFunctions02/Utility/DepthFromWorldPosition.uasset" 680
"../../../../../../Users/julia/OneDrive/Desktop/GitHub/Codename-PDG/WCPGW/Content/VirtualReality/Materials/MF_OccludedPixels.uasset" 681
"../../../../../../Users/julia/OneDrive/Desktop/GitHub/Codename-PDG/WCPGW/Content/VirtualReality/Materials/TeleportMCP.uasset" 682
"../../../Engine/Content/EngineMaterials/Good64x64TilingNoiseHighFreq.uasset" 683
"../../../../../../Users/julia/OneDrive/Desktop/GitHub/Codename-PDG/WCPGW/Content/VirtualReality/Materials/M_ArcEndpoint.uasset" 684
"../../../../../../Users/julia/OneDrive/Desktop/GitHub/Codename-PDG/WCPGW/Content/VirtualReality/Materials/M_TeleportPreviews.uasset" 685
"../../../../../../Users/julia/OneDrive/Desktop/GitHub/Codename-PDG/WCPGW/Content/VirtualReality/Materials/MI_TeleportCylinderPreview.uasset" 686
"../../../Engine/Content/BasicShapes/Cylinder.uasset" 687
"../../../../../../Users/julia/OneDrive/Desktop/GitHub/Codename-PDG/WCPGW/Content/VirtualReality/Meshes/BeaconDirection.uasset" 688
"../../../../../../Users/julia/OneDrive/Desktop/GitHub/Codename-PDG/WCPGW/Content/VirtualReality/Meshes/SM_FatCylinder.uasset" 689
"../../../../../../Users/julia/OneDrive/Desktop/GitHub/Codename-PDG/WCPGW/Content/VirtualRealityBP/Blueprints/HMDLocomotionPawn.uasset" 690
"../../../../../../Users/julia/OneDrive/Desktop/GitHub/Codename-PDG/WCPGW/Content/VirtualRealityBP/Maps/HMDLocomotionMap_BuiltData.uasset" 691
"../../../../../../Users/julia/OneDrive/Desktop/GitHub/Codename-PDG/WCPGW/Content/VirtualReality/Materials/M_BaseMaterial.uasset" 692
"../../../../../../Users/julia/OneDrive/Desktop/GitHub/Codename-PDG/WCPGW/Content/VirtualReality/Materials/MI_BaseMaterial2.uasset" 693
"../../../../../../Users/julia/OneDrive/Desktop/GitHub/Codename-PDG/WCPGW/Content/VirtualReality/Materials/MI_BaseMaterial3.uasset" 694
"../../../../../../Users/julia/OneDrive/Desktop/GitHub/Codename-PDG/WCPGW/Content/Geometry/Meshes/1M_Cube.uasset" 695
"../../../../../../Users/julia/OneDrive/Desktop/GitHub/Codename-PDG/WCPGW/Content/VirtualRealityBP/Maps/HMDLocomotionMap.umap" 696
"../../../../../../Users/julia/OneDrive/Desktop/GitHub/Codename-PDG/WCPGW/Content/VirtualRealityBP/Maps/Level_Main.umap" 697
"../../../../../../Users/julia/OneDrive/Desktop/GitHub/Codename-PDG/WCPGW/Content/VirtualReality/Materials/MI_SmallCubes.uasset" 698
"../../../../../../Users/julia/OneDrive/Desktop/GitHub/Codename-PDG/WCPGW/Content/VirtualRealityBP/Blueprints/BP_PickupCube.uasset" 699
"../../../../../../Users/julia/OneDrive/Desktop/GitHub/Codename-PDG/WCPGW/Content/VirtualReality/Mannequin/Character/Mesh/MannequinHand_Right_Skeleton.uasset" 700
"../../../../../../Users/julia/OneDrive/Desktop/GitHub/Codename-PDG/WCPGW/Content/VirtualReality/Mannequin/Animations/MannequinHand_Right_CanGrab.uasset" 701
"../../../../../../Users/julia/OneDrive/Desktop/GitHub/Codename-PDG/WCPGW/Content/VirtualReality/Mannequin/Animations/MannequinHand_Right_Grab.uasset" 702
"../../../../../../Users/julia/OneDrive/Desktop/GitHub/Codename-PDG/WCPGW/Content/VirtualReality/Mannequin/Animations/MannequinHand_Right_Open.uasset" 703
"../../../../../../Users/julia/OneDrive/Desktop/GitHub/Codename-PDG/WCPGW/Content/VirtualReality/Mannequin/Animations/RightGrip_BS.uasset" 704
"../../../../../../Users/julia/OneDrive/Desktop/GitHub/Codename-PDG/WCPGW/Content/VirtualRealityBP/Blueprints/GripEnum.uasset" 705
"../../../../../../Users/julia/OneDrive/Desktop/GitHub/Codename-PDG/WCPGW/Content/VirtualReality/Mannequin/Animations/RightHand_AnimBP.uasset" 706
"../../../../../../Users/julia/OneDrive/Desktop/GitHub/Codename-PDG/WCPGW/Content/VirtualRealityBP/Blueprints/MotionControllerHaptics.uasset" 707
"../../../../../../Users/julia/OneDrive/Desktop/GitHub/Codename-PDG/WCPGW/Content/VirtualReality/Materials/M_SplineArcMat.uasset" 708
"../../../../../../Users/julia/OneDrive/Desktop/GitHub/Codename-PDG/WCPGW/Content/VirtualReality/Materials/MI_ChaperoneOutline.uasset" 709
"../../../Engine/Content/BasicShapes/Sphere.uasset" 710
"../../../../../../Users/julia/OneDrive/Desktop/GitHub/Codename-PDG/WCPGW/Content/VirtualReality/Mannequin/Character/Textures/UE4_Mannequin__normals.uasset" 711
"../../../../../../Users/julia/OneDrive/Desktop/GitHub/Codename-PDG/WCPGW/Content/VirtualReality/Mannequin/Character/Textures/UE4_Mannequin_MAT_MASKA.uasset" 712
"../../../../../../Users/julia/OneDrive/Desktop/GitHub/Codename-PDG/WCPGW/Content/VirtualReality/Mannequin/Character/Materials/M_HandMat.uasset" 713
"../../../../../../Users/julia/OneDrive/Desktop/GitHub/Codename-PDG/WCPGW/Content/VirtualReality/Mannequin/Character/Mesh/MannequinHand_Right_PhysicsAsset.uasset" 714
"../../../../../../Users/julia/OneDrive/Desktop/GitHub/Codename-PDG/WCPGW/Content/VirtualReality/Mannequin/Character/Mesh/MannequinHand_Right.uasset" 715
"../../../../../../Users/julia/OneDrive/Desktop/GitHub/Codename-PDG/WCPGW/Content/VirtualReality/Meshes/1x1_cube.uasset" 716
"../../../../../../Users/julia/OneDrive/Desktop/GitHub/Codename-PDG/WCPGW/Content/VirtualReality/Meshes/BeamMesh.uasset" 717
"../../../../../../Users/julia/OneDrive/Desktop/GitHub/Codename-PDG/WCPGW/Content/VirtualRealityBP/Blueprints/BP_MotionController.uasset" 718
"../../../../../../Users/julia/OneDrive/Desktop/GitHub/Codename-PDG/WCPGW/Content/VirtualRealityBP/Blueprints/MotionControllerPawn.uasset" 719
"../../../../../../Users/julia/OneDrive/Desktop/GitHub/Codename-PDG/WCPGW/Content/VirtualRealityBP/Maps/MotionControllerMap_BuiltData.uasset" 720
"../../../../../../Users/julia/OneDrive/Desktop/GitHub/Codename-PDG/WCPGW/Content/VirtualRealityBP/Maps/MotionControllerMap.umap" 721
"../../../../../../Users/julia/OneDrive/Desktop/GitHub/Codename-PDG/WCPGW/Content/SimpleStuff/SimpleVehicle/DeathBulance.uasset" 722
"../../../../../../Users/julia/OneDrive/Desktop/GitHub/Codename-PDG/WCPGW/Content/VirtualRealityBP/Maps/StartupMap_BuiltData.uasset" 723
"../../../../../../Users/julia/OneDrive/Desktop/GitHub/Codename-PDG/WCPGW/Content/VirtualReality/Materials/GenericHMDMaterial.uasset" 724
"../../../Engine/Content/MapTemplates/Sky/DaylightAmbientCubemap.uasset" 725
"../../../../../../Users/julia/OneDrive/Desktop/GitHub/Codename-PDG/WCPGW/Content/VirtualReality/Meshes/GenericHMD.uasset" 726
"../../../../../../Users/julia/OneDrive/Desktop/GitHub/Codename-PDG/WCPGW/Content/VirtualRealityBP/Maps/StartupMap.umap" 727
"../../../Engine/Content/Maps/Entry_BuiltData.uasset" 728
"../../../Engine/Content/Maps/Entry.umap" 729
